<?xml version="1.0" encoding="UTF-8"?>
<!-- Generated by org.testng.reporters.JUnitXMLReporter -->
<testsuite ignored="0" hostname="LTIN299741" failures="0" tests="3" name="ChromeTest2" time="19.233" errors="0" timestamp="2024-04-04T18:14:21 IST">
  <testcase classname="projectTestCases.HomePageTestCases" name="checkHomePageUrlTest" time="0.02"/>
  <testcase classname="projectTestCases.HomePageTestCases" name="checkHomePageTitleTest" time="0.025"/>
  <testcase classname="projectTestCases.HomePageTestCases" name="ExtractDealTest" time="8.845"/>
</testsuite> <!-- ChromeTest2 -->
