<?xml version="1.0" encoding="UTF-8"?>
<!-- Generated by org.testng.reporters.JUnitXMLReporter -->
<testsuite ignored="0" hostname="LTIN299741" failures="0" tests="9" name="ChromeTest1" time="35.267" errors="0" timestamp="2024-04-04T18:14:02 IST">
  <testcase classname="projectTestCases.ProductPageTestCases" name="checkHomePageUrlTest" time="0.026"/>
  <testcase classname="projectTestCases.ProductPageTestCases" name="clickBookShelfTest" time="4.451"/>
  <testcase classname="projectTestCases.ProductPageTestCases" name="checkProductPageUrlTest" time="0.022"/>
  <testcase classname="projectTestCases.ProductPageTestCases" name="checkProductPageTitleTest" time="0.014"/>
  <testcase classname="projectTestCases.ProductPageTestCases" name="popupTest" time="5.189"/>
  <testcase classname="projectTestCases.ProductPageTestCases" name="PriceSliderTest" time="10.705"/>
  <testcase classname="projectTestCases.ProductPageTestCases" name="StorageTypeTest" time="0.404"/>
  <testcase classname="projectTestCases.ProductPageTestCases" name="ExcludeOutOfStockTest" time="0.225"/>
  <testcase classname="projectTestCases.ProductPageTestCases" name="listOfProductsTest" time="2.737"/>
</testsuite> <!-- ChromeTest1 -->
