<?xml version="1.0" encoding="UTF-8"?>
<!-- Generated by org.testng.reporters.JUnitXMLReporter -->
<testsuite ignored="0" hostname="LTIN299741" failures="0" tests="9" name="EdgeTest1" time="37.648" errors="0" timestamp="2024-04-04T18:15:33 IST">
  <testcase classname="projectTestCases.ProductPageTestCases" name="checkHomePageUrlTest" time="0.026"/>
  <testcase classname="projectTestCases.ProductPageTestCases" name="clickBookShelfTest" time="4.074"/>
  <testcase classname="projectTestCases.ProductPageTestCases" name="checkProductPageUrlTest" time="0.012"/>
  <testcase classname="projectTestCases.ProductPageTestCases" name="checkProductPageTitleTest" time="0.011"/>
  <testcase classname="projectTestCases.ProductPageTestCases" name="popupTest" time="5.229"/>
  <testcase classname="projectTestCases.ProductPageTestCases" name="PriceSliderTest" time="10.811"/>
  <testcase classname="projectTestCases.ProductPageTestCases" name="StorageTypeTest" time="0.449"/>
  <testcase classname="projectTestCases.ProductPageTestCases" name="ExcludeOutOfStockTest" time="0.225"/>
  <testcase classname="projectTestCases.ProductPageTestCases" name="listOfProductsTest" time="2.842"/>
</testsuite> <!-- EdgeTest1 -->
