<?xml version="1.0" encoding="UTF-8"?>
<!-- Generated by org.testng.reporters.JUnitXMLReporter -->
<testsuite ignored="0" hostname="LTIN299741" failures="0" tests="9" name="EdgeTest3" time="39.747" errors="0" timestamp="2024-04-04T18:16:37 IST">
  <testcase classname="projectTestCases.GiftCardPageTestCases" name="checkHomePageUrlTest" time="0.023"/>
  <testcase classname="projectTestCases.GiftCardPageTestCases" name="checkClickGiftCardTest" time="9.738"/>
  <testcase classname="projectTestCases.GiftCardPageTestCases" name="checkGiftCardUrlTest" time="0.015"/>
  <testcase classname="projectTestCases.GiftCardPageTestCases" name="checkGiftCardTitleTest" time="0.016"/>
  <testcase classname="projectTestCases.GiftCardPageTestCases" name="OccasionHandleTest" time="0.773"/>
  <testcase classname="projectTestCases.GiftCardPageTestCases" name="AmountHandlerTest" time="0.16"/>
  <testcase classname="projectTestCases.GiftCardPageTestCases" name="DropDownHandlerTest" time="0.668"/>
  <testcase classname="projectTestCases.GiftCardPageTestCases" name="ButtonHandleTest" time="0.765"/>
  <testcase classname="projectTestCases.GiftCardPageTestCases" name="enterFormDetailsTest" time="11.948"/>
</testsuite> <!-- EdgeTest3 -->
