<?xml version="1.0" encoding="UTF-8"?>
<!-- Generated by org.testng.reporters.JUnitXMLReporter -->
<testsuite ignored="0" hostname="LTIN299741" failures="0" tests="3" name="EdgeTest2" time="24.565" errors="0" timestamp="2024-04-04T18:15:57 IST">
  <testcase classname="projectTestCases.HomePageTestCases" name="checkHomePageUrlTest" time="0.026"/>
  <testcase classname="projectTestCases.HomePageTestCases" name="checkHomePageTitleTest" time="0.017"/>
  <testcase classname="projectTestCases.HomePageTestCases" name="ExtractDealTest" time="8.852"/>
</testsuite> <!-- EdgeTest2 -->
