<?xml version="1.0" encoding="UTF-8"?>
<testng-results ignored="0" total="42" passed="42" failed="0" skipped="0">
  <reporter-output>
  </reporter-output>
  <suite started-at="2024-04-04T18:13:27 IST" name="Suite" finished-at="2024-04-04T18:16:37 IST" duration-ms="190082">
    <groups>
      <group name="SmokeTest">
        <method signature="ProductPageTestCases.checkHomePageUrlTest()[pri:1, instance:projectTestCases.ProductPageTestCases@333291e3]" name="checkHomePageUrlTest" class="projectTestCases.ProductPageTestCases"/>
        <method signature="ProductPageTestCases.checkProductPageTitleTest()[pri:5, instance:projectTestCases.ProductPageTestCases@333291e3]" name="checkProductPageTitleTest" class="projectTestCases.ProductPageTestCases"/>
        <method signature="ProductPageTestCases.checkProductPageUrlTest()[pri:4, instance:projectTestCases.ProductPageTestCases@333291e3]" name="checkProductPageUrlTest" class="projectTestCases.ProductPageTestCases"/>
        <method signature="HomePageTestCases.checkHomePageTitleTest()[pri:2, instance:projectTestCases.HomePageTestCases@595b007d]" name="checkHomePageTitleTest" class="projectTestCases.HomePageTestCases"/>
        <method signature="HomePageTestCases.checkHomePageUrlTest()[pri:1, instance:projectTestCases.HomePageTestCases@595b007d]" name="checkHomePageUrlTest" class="projectTestCases.HomePageTestCases"/>
        <method signature="GiftCardPageTestCases.checkGiftCardTitleTest()[pri:5, instance:projectTestCases.GiftCardPageTestCases@7f0eb4b4]" name="checkGiftCardTitleTest" class="projectTestCases.GiftCardPageTestCases"/>
        <method signature="GiftCardPageTestCases.checkGiftCardUrlTest()[pri:3, instance:projectTestCases.GiftCardPageTestCases@7f0eb4b4]" name="checkGiftCardUrlTest" class="projectTestCases.GiftCardPageTestCases"/>
        <method signature="GiftCardPageTestCases.checkHomePageUrlTest()[pri:1, instance:projectTestCases.GiftCardPageTestCases@7f0eb4b4]" name="checkHomePageUrlTest" class="projectTestCases.GiftCardPageTestCases"/>
        <method signature="ProductPageTestCases.checkHomePageUrlTest()[pri:1, instance:projectTestCases.ProductPageTestCases@4ec4f3a0]" name="checkHomePageUrlTest" class="projectTestCases.ProductPageTestCases"/>
        <method signature="ProductPageTestCases.checkProductPageTitleTest()[pri:5, instance:projectTestCases.ProductPageTestCases@4ec4f3a0]" name="checkProductPageTitleTest" class="projectTestCases.ProductPageTestCases"/>
        <method signature="ProductPageTestCases.checkProductPageUrlTest()[pri:4, instance:projectTestCases.ProductPageTestCases@4ec4f3a0]" name="checkProductPageUrlTest" class="projectTestCases.ProductPageTestCases"/>
        <method signature="HomePageTestCases.checkHomePageTitleTest()[pri:2, instance:projectTestCases.HomePageTestCases@1b7cc17c]" name="checkHomePageTitleTest" class="projectTestCases.HomePageTestCases"/>
        <method signature="HomePageTestCases.checkHomePageUrlTest()[pri:1, instance:projectTestCases.HomePageTestCases@1b7cc17c]" name="checkHomePageUrlTest" class="projectTestCases.HomePageTestCases"/>
        <method signature="GiftCardPageTestCases.checkGiftCardTitleTest()[pri:5, instance:projectTestCases.GiftCardPageTestCases@72967906]" name="checkGiftCardTitleTest" class="projectTestCases.GiftCardPageTestCases"/>
        <method signature="GiftCardPageTestCases.checkGiftCardUrlTest()[pri:3, instance:projectTestCases.GiftCardPageTestCases@72967906]" name="checkGiftCardUrlTest" class="projectTestCases.GiftCardPageTestCases"/>
        <method signature="GiftCardPageTestCases.checkHomePageUrlTest()[pri:1, instance:projectTestCases.GiftCardPageTestCases@72967906]" name="checkHomePageUrlTest" class="projectTestCases.GiftCardPageTestCases"/>
      </group> <!-- SmokeTest -->
    </groups>
    <test started-at="2024-04-04T18:13:27 IST" name="ChromeTest1" finished-at="2024-04-04T18:14:02 IST" duration-ms="35267">
      <class name="projectTestCases.ProductPageTestCases">
        <test-method is-config="true" signature="beforeTest(java.lang.String)[pri:0, instance:projectTestCases.ProductPageTestCases@333291e3]" started-at="2024-04-04T18:13:27 IST" name="beforeTest" finished-at="2024-04-04T18:13:35 IST" duration-ms="8532" status="PASS">
          <params>
            <param index="0">
              <value>
                <![CDATA[chrome]]>
              </value>
            </param>
          </params>
          <reporter-output>
          </reporter-output>
        </test-method> <!-- beforeTest -->
        <test-method is-config="true" signature="beforeMethod(org.testng.ITestResult)[pri:0, instance:projectTestCases.ProductPageTestCases@333291e3]" started-at="2024-04-04T18:13:35 IST" name="beforeMethod" finished-at="2024-04-04T18:13:35 IST" duration-ms="2" status="PASS">
          <params>
            <param index="0">
              <value>
                <![CDATA[[TestResult name={null} status=CREATED method=ProductPageTestCases.checkHomePageUrlTest()[pri:1, instance:projectTestCases.ProductPageTestCases@333291e3] output={null}]]]>
              </value>
            </param>
          </params>
          <reporter-output>
          </reporter-output>
        </test-method> <!-- beforeMethod -->
        <test-method signature="checkHomePageUrlTest()[pri:1, instance:projectTestCases.ProductPageTestCases@333291e3]" started-at="2024-04-04T18:13:35 IST" name="checkHomePageUrlTest" finished-at="2024-04-04T18:13:35 IST" duration-ms="26" status="PASS">
          <reporter-output>
          </reporter-output>
        </test-method> <!-- checkHomePageUrlTest -->
        <test-method is-config="true" signature="getResult(org.testng.ITestResult)[pri:0, instance:projectTestCases.ProductPageTestCases@333291e3]" started-at="2024-04-04T18:13:35 IST" name="getResult" finished-at="2024-04-04T18:13:35 IST" duration-ms="1" status="PASS">
          <params>
            <param index="0">
              <value>
                <![CDATA[[TestResult name=checkHomePageUrlTest status=SUCCESS method=ProductPageTestCases.checkHomePageUrlTest()[pri:1, instance:projectTestCases.ProductPageTestCases@333291e3] output={null}]]]>
              </value>
            </param>
          </params>
          <reporter-output>
          </reporter-output>
        </test-method> <!-- getResult -->
        <test-method is-config="true" signature="afterMethod(org.testng.ITestResult)[pri:0, instance:projectTestCases.ProductPageTestCases@333291e3]" started-at="2024-04-04T18:13:35 IST" name="afterMethod" finished-at="2024-04-04T18:13:35 IST" duration-ms="0" status="PASS">
          <params>
            <param index="0">
              <value>
                <![CDATA[[TestResult name=checkHomePageUrlTest status=SUCCESS method=ProductPageTestCases.checkHomePageUrlTest()[pri:1, instance:projectTestCases.ProductPageTestCases@333291e3] output={null}]]]>
              </value>
            </param>
          </params>
          <reporter-output>
          </reporter-output>
        </test-method> <!-- afterMethod -->
        <test-method is-config="true" signature="beforeMethod(org.testng.ITestResult)[pri:0, instance:projectTestCases.ProductPageTestCases@333291e3]" started-at="2024-04-04T18:13:35 IST" name="beforeMethod" finished-at="2024-04-04T18:13:35 IST" duration-ms="1" status="PASS">
          <params>
            <param index="0">
              <value>
                <![CDATA[[TestResult name={null} status=CREATED method=ProductPageTestCases.clickBookShelfTest()[pri:2, instance:projectTestCases.ProductPageTestCases@333291e3] output={null}]]]>
              </value>
            </param>
          </params>
          <reporter-output>
          </reporter-output>
        </test-method> <!-- beforeMethod -->
        <test-method signature="clickBookShelfTest()[pri:2, instance:projectTestCases.ProductPageTestCases@333291e3]" started-at="2024-04-04T18:13:35 IST" name="clickBookShelfTest" finished-at="2024-04-04T18:13:40 IST" duration-ms="4451" status="PASS">
          <reporter-output>
          </reporter-output>
        </test-method> <!-- clickBookShelfTest -->
        <test-method is-config="true" signature="getResult(org.testng.ITestResult)[pri:0, instance:projectTestCases.ProductPageTestCases@333291e3]" started-at="2024-04-04T18:13:40 IST" name="getResult" finished-at="2024-04-04T18:13:40 IST" duration-ms="1" status="PASS">
          <params>
            <param index="0">
              <value>
                <![CDATA[[TestResult name=clickBookShelfTest status=SUCCESS method=ProductPageTestCases.clickBookShelfTest()[pri:2, instance:projectTestCases.ProductPageTestCases@333291e3] output={null}]]]>
              </value>
            </param>
          </params>
          <reporter-output>
          </reporter-output>
        </test-method> <!-- getResult -->
        <test-method is-config="true" signature="afterMethod(org.testng.ITestResult)[pri:0, instance:projectTestCases.ProductPageTestCases@333291e3]" started-at="2024-04-04T18:13:40 IST" name="afterMethod" finished-at="2024-04-04T18:13:40 IST" duration-ms="0" status="PASS">
          <params>
            <param index="0">
              <value>
                <![CDATA[[TestResult name=clickBookShelfTest status=SUCCESS method=ProductPageTestCases.clickBookShelfTest()[pri:2, instance:projectTestCases.ProductPageTestCases@333291e3] output={null}]]]>
              </value>
            </param>
          </params>
          <reporter-output>
          </reporter-output>
        </test-method> <!-- afterMethod -->
        <test-method is-config="true" signature="beforeMethod(org.testng.ITestResult)[pri:0, instance:projectTestCases.ProductPageTestCases@333291e3]" started-at="2024-04-04T18:13:40 IST" name="beforeMethod" finished-at="2024-04-04T18:13:40 IST" duration-ms="1" status="PASS">
          <params>
            <param index="0">
              <value>
                <![CDATA[[TestResult name={null} status=CREATED method=ProductPageTestCases.checkProductPageUrlTest()[pri:4, instance:projectTestCases.ProductPageTestCases@333291e3] output={null}]]]>
              </value>
            </param>
          </params>
          <reporter-output>
          </reporter-output>
        </test-method> <!-- beforeMethod -->
        <test-method signature="checkProductPageUrlTest()[pri:4, instance:projectTestCases.ProductPageTestCases@333291e3]" started-at="2024-04-04T18:13:40 IST" name="checkProductPageUrlTest" finished-at="2024-04-04T18:13:40 IST" duration-ms="22" status="PASS">
          <reporter-output>
          </reporter-output>
        </test-method> <!-- checkProductPageUrlTest -->
        <test-method is-config="true" signature="getResult(org.testng.ITestResult)[pri:0, instance:projectTestCases.ProductPageTestCases@333291e3]" started-at="2024-04-04T18:13:40 IST" name="getResult" finished-at="2024-04-04T18:13:40 IST" duration-ms="1" status="PASS">
          <params>
            <param index="0">
              <value>
                <![CDATA[[TestResult name=checkProductPageUrlTest status=SUCCESS method=ProductPageTestCases.checkProductPageUrlTest()[pri:4, instance:projectTestCases.ProductPageTestCases@333291e3] output={null}]]]>
              </value>
            </param>
          </params>
          <reporter-output>
          </reporter-output>
        </test-method> <!-- getResult -->
        <test-method is-config="true" signature="afterMethod(org.testng.ITestResult)[pri:0, instance:projectTestCases.ProductPageTestCases@333291e3]" started-at="2024-04-04T18:13:40 IST" name="afterMethod" finished-at="2024-04-04T18:13:40 IST" duration-ms="0" status="PASS">
          <params>
            <param index="0">
              <value>
                <![CDATA[[TestResult name=checkProductPageUrlTest status=SUCCESS method=ProductPageTestCases.checkProductPageUrlTest()[pri:4, instance:projectTestCases.ProductPageTestCases@333291e3] output={null}]]]>
              </value>
            </param>
          </params>
          <reporter-output>
          </reporter-output>
        </test-method> <!-- afterMethod -->
        <test-method signature="checkProductPageTitleTest()[pri:5, instance:projectTestCases.ProductPageTestCases@333291e3]" started-at="2024-04-04T18:13:40 IST" name="checkProductPageTitleTest" finished-at="2024-04-04T18:13:40 IST" duration-ms="14" status="PASS">
          <reporter-output>
          </reporter-output>
        </test-method> <!-- checkProductPageTitleTest -->
        <test-method is-config="true" signature="beforeMethod(org.testng.ITestResult)[pri:0, instance:projectTestCases.ProductPageTestCases@333291e3]" started-at="2024-04-04T18:13:40 IST" name="beforeMethod" finished-at="2024-04-04T18:13:40 IST" duration-ms="0" status="PASS">
          <params>
            <param index="0">
              <value>
                <![CDATA[[TestResult name={null} status=CREATED method=ProductPageTestCases.checkProductPageTitleTest()[pri:5, instance:projectTestCases.ProductPageTestCases@333291e3] output={null}]]]>
              </value>
            </param>
          </params>
          <reporter-output>
          </reporter-output>
        </test-method> <!-- beforeMethod -->
        <test-method is-config="true" signature="afterMethod(org.testng.ITestResult)[pri:0, instance:projectTestCases.ProductPageTestCases@333291e3]" started-at="2024-04-04T18:13:40 IST" name="afterMethod" finished-at="2024-04-04T18:13:40 IST" duration-ms="1" status="PASS">
          <params>
            <param index="0">
              <value>
                <![CDATA[[TestResult name=checkProductPageTitleTest status=SUCCESS method=ProductPageTestCases.checkProductPageTitleTest()[pri:5, instance:projectTestCases.ProductPageTestCases@333291e3] output={null}]]]>
              </value>
            </param>
          </params>
          <reporter-output>
          </reporter-output>
        </test-method> <!-- afterMethod -->
        <test-method is-config="true" signature="getResult(org.testng.ITestResult)[pri:0, instance:projectTestCases.ProductPageTestCases@333291e3]" started-at="2024-04-04T18:13:40 IST" name="getResult" finished-at="2024-04-04T18:13:40 IST" duration-ms="0" status="PASS">
          <params>
            <param index="0">
              <value>
                <![CDATA[[TestResult name=checkProductPageTitleTest status=SUCCESS method=ProductPageTestCases.checkProductPageTitleTest()[pri:5, instance:projectTestCases.ProductPageTestCases@333291e3] output={null}]]]>
              </value>
            </param>
          </params>
          <reporter-output>
          </reporter-output>
        </test-method> <!-- getResult -->
        <test-method is-config="true" signature="beforeMethod(org.testng.ITestResult)[pri:0, instance:projectTestCases.ProductPageTestCases@333291e3]" started-at="2024-04-04T18:13:40 IST" name="beforeMethod" finished-at="2024-04-04T18:13:40 IST" duration-ms="0" status="PASS">
          <params>
            <param index="0">
              <value>
                <![CDATA[[TestResult name={null} status=CREATED method=ProductPageTestCases.popupTest()[pri:6, instance:projectTestCases.ProductPageTestCases@333291e3] output={null}]]]>
              </value>
            </param>
          </params>
          <reporter-output>
          </reporter-output>
        </test-method> <!-- beforeMethod -->
        <test-method signature="popupTest()[pri:6, instance:projectTestCases.ProductPageTestCases@333291e3]" started-at="2024-04-04T18:13:40 IST" name="popupTest" finished-at="2024-04-04T18:13:45 IST" duration-ms="5189" status="PASS">
          <reporter-output>
          </reporter-output>
        </test-method> <!-- popupTest -->
        <test-method is-config="true" signature="afterMethod(org.testng.ITestResult)[pri:0, instance:projectTestCases.ProductPageTestCases@333291e3]" started-at="2024-04-04T18:13:45 IST" name="afterMethod" finished-at="2024-04-04T18:13:45 IST" duration-ms="0" status="PASS">
          <params>
            <param index="0">
              <value>
                <![CDATA[[TestResult name=popupTest status=SUCCESS method=ProductPageTestCases.popupTest()[pri:6, instance:projectTestCases.ProductPageTestCases@333291e3] output={null}]]]>
              </value>
            </param>
          </params>
          <reporter-output>
          </reporter-output>
        </test-method> <!-- afterMethod -->
        <test-method is-config="true" signature="getResult(org.testng.ITestResult)[pri:0, instance:projectTestCases.ProductPageTestCases@333291e3]" started-at="2024-04-04T18:13:45 IST" name="getResult" finished-at="2024-04-04T18:13:45 IST" duration-ms="1" status="PASS">
          <params>
            <param index="0">
              <value>
                <![CDATA[[TestResult name=popupTest status=SUCCESS method=ProductPageTestCases.popupTest()[pri:6, instance:projectTestCases.ProductPageTestCases@333291e3] output={null}]]]>
              </value>
            </param>
          </params>
          <reporter-output>
          </reporter-output>
        </test-method> <!-- getResult -->
        <test-method is-config="true" signature="beforeMethod(org.testng.ITestResult)[pri:0, instance:projectTestCases.ProductPageTestCases@333291e3]" started-at="2024-04-04T18:13:45 IST" name="beforeMethod" finished-at="2024-04-04T18:13:45 IST" duration-ms="1" status="PASS">
          <params>
            <param index="0">
              <value>
                <![CDATA[[TestResult name={null} status=CREATED method=ProductPageTestCases.PriceSliderTest()[pri:7, instance:projectTestCases.ProductPageTestCases@333291e3] output={null}]]]>
              </value>
            </param>
          </params>
          <reporter-output>
          </reporter-output>
        </test-method> <!-- beforeMethod -->
        <test-method signature="PriceSliderTest()[pri:7, instance:projectTestCases.ProductPageTestCases@333291e3]" started-at="2024-04-04T18:13:45 IST" name="PriceSliderTest" finished-at="2024-04-04T18:13:56 IST" duration-ms="10705" status="PASS">
          <reporter-output>
          </reporter-output>
        </test-method> <!-- PriceSliderTest -->
        <test-method is-config="true" signature="afterMethod(org.testng.ITestResult)[pri:0, instance:projectTestCases.ProductPageTestCases@333291e3]" started-at="2024-04-04T18:13:56 IST" name="afterMethod" finished-at="2024-04-04T18:13:56 IST" duration-ms="0" status="PASS">
          <params>
            <param index="0">
              <value>
                <![CDATA[[TestResult name=PriceSliderTest status=SUCCESS method=ProductPageTestCases.PriceSliderTest()[pri:7, instance:projectTestCases.ProductPageTestCases@333291e3] output={null}]]]>
              </value>
            </param>
          </params>
          <reporter-output>
          </reporter-output>
        </test-method> <!-- afterMethod -->
        <test-method is-config="true" signature="getResult(org.testng.ITestResult)[pri:0, instance:projectTestCases.ProductPageTestCases@333291e3]" started-at="2024-04-04T18:13:56 IST" name="getResult" finished-at="2024-04-04T18:13:56 IST" duration-ms="0" status="PASS">
          <params>
            <param index="0">
              <value>
                <![CDATA[[TestResult name=PriceSliderTest status=SUCCESS method=ProductPageTestCases.PriceSliderTest()[pri:7, instance:projectTestCases.ProductPageTestCases@333291e3] output={null}]]]>
              </value>
            </param>
          </params>
          <reporter-output>
          </reporter-output>
        </test-method> <!-- getResult -->
        <test-method is-config="true" signature="beforeMethod(org.testng.ITestResult)[pri:0, instance:projectTestCases.ProductPageTestCases@333291e3]" started-at="2024-04-04T18:13:56 IST" name="beforeMethod" finished-at="2024-04-04T18:13:56 IST" duration-ms="1" status="PASS">
          <params>
            <param index="0">
              <value>
                <![CDATA[[TestResult name={null} status=CREATED method=ProductPageTestCases.StorageTypeTest()[pri:8, instance:projectTestCases.ProductPageTestCases@333291e3] output={null}]]]>
              </value>
            </param>
          </params>
          <reporter-output>
          </reporter-output>
        </test-method> <!-- beforeMethod -->
        <test-method signature="StorageTypeTest()[pri:8, instance:projectTestCases.ProductPageTestCases@333291e3]" started-at="2024-04-04T18:13:56 IST" name="StorageTypeTest" finished-at="2024-04-04T18:13:56 IST" duration-ms="404" status="PASS">
          <reporter-output>
          </reporter-output>
        </test-method> <!-- StorageTypeTest -->
        <test-method is-config="true" signature="afterMethod(org.testng.ITestResult)[pri:0, instance:projectTestCases.ProductPageTestCases@333291e3]" started-at="2024-04-04T18:13:56 IST" name="afterMethod" finished-at="2024-04-04T18:13:56 IST" duration-ms="1" status="PASS">
          <params>
            <param index="0">
              <value>
                <![CDATA[[TestResult name=StorageTypeTest status=SUCCESS method=ProductPageTestCases.StorageTypeTest()[pri:8, instance:projectTestCases.ProductPageTestCases@333291e3] output={null}]]]>
              </value>
            </param>
          </params>
          <reporter-output>
          </reporter-output>
        </test-method> <!-- afterMethod -->
        <test-method is-config="true" signature="getResult(org.testng.ITestResult)[pri:0, instance:projectTestCases.ProductPageTestCases@333291e3]" started-at="2024-04-04T18:13:56 IST" name="getResult" finished-at="2024-04-04T18:13:56 IST" duration-ms="1" status="PASS">
          <params>
            <param index="0">
              <value>
                <![CDATA[[TestResult name=StorageTypeTest status=SUCCESS method=ProductPageTestCases.StorageTypeTest()[pri:8, instance:projectTestCases.ProductPageTestCases@333291e3] output={null}]]]>
              </value>
            </param>
          </params>
          <reporter-output>
          </reporter-output>
        </test-method> <!-- getResult -->
        <test-method is-config="true" signature="beforeMethod(org.testng.ITestResult)[pri:0, instance:projectTestCases.ProductPageTestCases@333291e3]" started-at="2024-04-04T18:13:56 IST" name="beforeMethod" finished-at="2024-04-04T18:13:56 IST" duration-ms="1" status="PASS">
          <params>
            <param index="0">
              <value>
                <![CDATA[[TestResult name={null} status=CREATED method=ProductPageTestCases.ExcludeOutOfStockTest()[pri:9, instance:projectTestCases.ProductPageTestCases@333291e3] output={null}]]]>
              </value>
            </param>
          </params>
          <reporter-output>
          </reporter-output>
        </test-method> <!-- beforeMethod -->
        <test-method signature="ExcludeOutOfStockTest()[pri:9, instance:projectTestCases.ProductPageTestCases@333291e3]" started-at="2024-04-04T18:13:56 IST" name="ExcludeOutOfStockTest" finished-at="2024-04-04T18:13:56 IST" duration-ms="225" status="PASS">
          <reporter-output>
          </reporter-output>
        </test-method> <!-- ExcludeOutOfStockTest -->
        <test-method is-config="true" signature="afterMethod(org.testng.ITestResult)[pri:0, instance:projectTestCases.ProductPageTestCases@333291e3]" started-at="2024-04-04T18:13:56 IST" name="afterMethod" finished-at="2024-04-04T18:13:56 IST" duration-ms="0" status="PASS">
          <params>
            <param index="0">
              <value>
                <![CDATA[[TestResult name=ExcludeOutOfStockTest status=SUCCESS method=ProductPageTestCases.ExcludeOutOfStockTest()[pri:9, instance:projectTestCases.ProductPageTestCases@333291e3] output={null}]]]>
              </value>
            </param>
          </params>
          <reporter-output>
          </reporter-output>
        </test-method> <!-- afterMethod -->
        <test-method is-config="true" signature="getResult(org.testng.ITestResult)[pri:0, instance:projectTestCases.ProductPageTestCases@333291e3]" started-at="2024-04-04T18:13:56 IST" name="getResult" finished-at="2024-04-04T18:13:56 IST" duration-ms="0" status="PASS">
          <params>
            <param index="0">
              <value>
                <![CDATA[[TestResult name=ExcludeOutOfStockTest status=SUCCESS method=ProductPageTestCases.ExcludeOutOfStockTest()[pri:9, instance:projectTestCases.ProductPageTestCases@333291e3] output={null}]]]>
              </value>
            </param>
          </params>
          <reporter-output>
          </reporter-output>
        </test-method> <!-- getResult -->
        <test-method signature="listOfProductsTest()[pri:10, instance:projectTestCases.ProductPageTestCases@333291e3]" started-at="2024-04-04T18:13:56 IST" name="listOfProductsTest" finished-at="2024-04-04T18:13:59 IST" duration-ms="2737" status="PASS">
          <reporter-output>
          </reporter-output>
        </test-method> <!-- listOfProductsTest -->
        <test-method is-config="true" signature="beforeMethod(org.testng.ITestResult)[pri:0, instance:projectTestCases.ProductPageTestCases@333291e3]" started-at="2024-04-04T18:13:56 IST" name="beforeMethod" finished-at="2024-04-04T18:13:56 IST" duration-ms="0" status="PASS">
          <params>
            <param index="0">
              <value>
                <![CDATA[[TestResult name={null} status=CREATED method=ProductPageTestCases.listOfProductsTest()[pri:10, instance:projectTestCases.ProductPageTestCases@333291e3] output={null}]]]>
              </value>
            </param>
          </params>
          <reporter-output>
          </reporter-output>
        </test-method> <!-- beforeMethod -->
        <test-method is-config="true" signature="afterMethod(org.testng.ITestResult)[pri:0, instance:projectTestCases.ProductPageTestCases@333291e3]" started-at="2024-04-04T18:13:59 IST" name="afterMethod" finished-at="2024-04-04T18:13:59 IST" duration-ms="1" status="PASS">
          <params>
            <param index="0">
              <value>
                <![CDATA[[TestResult name=listOfProductsTest status=SUCCESS method=ProductPageTestCases.listOfProductsTest()[pri:10, instance:projectTestCases.ProductPageTestCases@333291e3] output={null}]]]>
              </value>
            </param>
          </params>
          <reporter-output>
          </reporter-output>
        </test-method> <!-- afterMethod -->
        <test-method is-config="true" signature="getResult(org.testng.ITestResult)[pri:0, instance:projectTestCases.ProductPageTestCases@333291e3]" started-at="2024-04-04T18:13:59 IST" name="getResult" finished-at="2024-04-04T18:13:59 IST" duration-ms="0" status="PASS">
          <params>
            <param index="0">
              <value>
                <![CDATA[[TestResult name=listOfProductsTest status=SUCCESS method=ProductPageTestCases.listOfProductsTest()[pri:10, instance:projectTestCases.ProductPageTestCases@333291e3] output={null}]]]>
              </value>
            </param>
          </params>
          <reporter-output>
          </reporter-output>
        </test-method> <!-- getResult -->
        <test-method is-config="true" signature="afterTest()[pri:0, instance:projectTestCases.ProductPageTestCases@333291e3]" started-at="2024-04-04T18:13:59 IST" name="afterTest" finished-at="2024-04-04T18:14:02 IST" duration-ms="2877" status="PASS">
          <reporter-output>
          </reporter-output>
        </test-method> <!-- afterTest -->
      </class> <!-- projectTestCases.ProductPageTestCases -->
    </test> <!-- ChromeTest1 -->
    <test started-at="2024-04-04T18:14:02 IST" name="ChromeTest2" finished-at="2024-04-04T18:14:21 IST" duration-ms="19233">
      <class name="projectTestCases.HomePageTestCases">
        <test-method is-config="true" signature="beforeTest(java.lang.String)[pri:0, instance:projectTestCases.HomePageTestCases@595b007d]" started-at="2024-04-04T18:14:02 IST" name="beforeTest" finished-at="2024-04-04T18:14:10 IST" duration-ms="7961" status="PASS">
          <params>
            <param index="0">
              <value>
                <![CDATA[chrome]]>
              </value>
            </param>
          </params>
          <reporter-output>
          </reporter-output>
        </test-method> <!-- beforeTest -->
        <test-method is-config="true" signature="beforeMethod(org.testng.ITestResult)[pri:0, instance:projectTestCases.HomePageTestCases@595b007d]" started-at="2024-04-04T18:14:10 IST" name="beforeMethod" finished-at="2024-04-04T18:14:10 IST" duration-ms="1" status="PASS">
          <params>
            <param index="0">
              <value>
                <![CDATA[[TestResult name={null} status=CREATED method=HomePageTestCases.checkHomePageUrlTest()[pri:1, instance:projectTestCases.HomePageTestCases@595b007d] output={null}]]]>
              </value>
            </param>
          </params>
          <reporter-output>
          </reporter-output>
        </test-method> <!-- beforeMethod -->
        <test-method signature="checkHomePageUrlTest()[pri:1, instance:projectTestCases.HomePageTestCases@595b007d]" started-at="2024-04-04T18:14:10 IST" name="checkHomePageUrlTest" finished-at="2024-04-04T18:14:10 IST" duration-ms="20" status="PASS">
          <reporter-output>
          </reporter-output>
        </test-method> <!-- checkHomePageUrlTest -->
        <test-method is-config="true" signature="afterMethod(org.testng.ITestResult)[pri:0, instance:projectTestCases.HomePageTestCases@595b007d]" started-at="2024-04-04T18:14:10 IST" name="afterMethod" finished-at="2024-04-04T18:14:10 IST" duration-ms="1" status="PASS">
          <params>
            <param index="0">
              <value>
                <![CDATA[[TestResult name=checkHomePageUrlTest status=SUCCESS method=HomePageTestCases.checkHomePageUrlTest()[pri:1, instance:projectTestCases.HomePageTestCases@595b007d] output={null}]]]>
              </value>
            </param>
          </params>
          <reporter-output>
          </reporter-output>
        </test-method> <!-- afterMethod -->
        <test-method is-config="true" signature="getResult(org.testng.ITestResult)[pri:0, instance:projectTestCases.HomePageTestCases@595b007d]" started-at="2024-04-04T18:14:10 IST" name="getResult" finished-at="2024-04-04T18:14:10 IST" duration-ms="1" status="PASS">
          <params>
            <param index="0">
              <value>
                <![CDATA[[TestResult name=checkHomePageUrlTest status=SUCCESS method=HomePageTestCases.checkHomePageUrlTest()[pri:1, instance:projectTestCases.HomePageTestCases@595b007d] output={null}]]]>
              </value>
            </param>
          </params>
          <reporter-output>
          </reporter-output>
        </test-method> <!-- getResult -->
        <test-method is-config="true" signature="beforeMethod(org.testng.ITestResult)[pri:0, instance:projectTestCases.HomePageTestCases@595b007d]" started-at="2024-04-04T18:14:10 IST" name="beforeMethod" finished-at="2024-04-04T18:14:10 IST" duration-ms="0" status="PASS">
          <params>
            <param index="0">
              <value>
                <![CDATA[[TestResult name={null} status=CREATED method=HomePageTestCases.checkHomePageTitleTest()[pri:2, instance:projectTestCases.HomePageTestCases@595b007d] output={null}]]]>
              </value>
            </param>
          </params>
          <reporter-output>
          </reporter-output>
        </test-method> <!-- beforeMethod -->
        <test-method signature="checkHomePageTitleTest()[pri:2, instance:projectTestCases.HomePageTestCases@595b007d]" started-at="2024-04-04T18:14:10 IST" name="checkHomePageTitleTest" finished-at="2024-04-04T18:14:10 IST" duration-ms="25" status="PASS">
          <reporter-output>
          </reporter-output>
        </test-method> <!-- checkHomePageTitleTest -->
        <test-method is-config="true" signature="afterMethod(org.testng.ITestResult)[pri:0, instance:projectTestCases.HomePageTestCases@595b007d]" started-at="2024-04-04T18:14:10 IST" name="afterMethod" finished-at="2024-04-04T18:14:10 IST" duration-ms="1" status="PASS">
          <params>
            <param index="0">
              <value>
                <![CDATA[[TestResult name=checkHomePageTitleTest status=SUCCESS method=HomePageTestCases.checkHomePageTitleTest()[pri:2, instance:projectTestCases.HomePageTestCases@595b007d] output={null}]]]>
              </value>
            </param>
          </params>
          <reporter-output>
          </reporter-output>
        </test-method> <!-- afterMethod -->
        <test-method is-config="true" signature="getResult(org.testng.ITestResult)[pri:0, instance:projectTestCases.HomePageTestCases@595b007d]" started-at="2024-04-04T18:14:10 IST" name="getResult" finished-at="2024-04-04T18:14:10 IST" duration-ms="1" status="PASS">
          <params>
            <param index="0">
              <value>
                <![CDATA[[TestResult name=checkHomePageTitleTest status=SUCCESS method=HomePageTestCases.checkHomePageTitleTest()[pri:2, instance:projectTestCases.HomePageTestCases@595b007d] output={null}]]]>
              </value>
            </param>
          </params>
          <reporter-output>
          </reporter-output>
        </test-method> <!-- getResult -->
        <test-method is-config="true" signature="beforeMethod(org.testng.ITestResult)[pri:0, instance:projectTestCases.HomePageTestCases@595b007d]" started-at="2024-04-04T18:14:10 IST" name="beforeMethod" finished-at="2024-04-04T18:14:10 IST" duration-ms="0" status="PASS">
          <params>
            <param index="0">
              <value>
                <![CDATA[[TestResult name={null} status=CREATED method=HomePageTestCases.ExtractDealTest()[pri:3, instance:projectTestCases.HomePageTestCases@595b007d] output={null}]]]>
              </value>
            </param>
          </params>
          <reporter-output>
          </reporter-output>
        </test-method> <!-- beforeMethod -->
        <test-method signature="ExtractDealTest()[pri:3, instance:projectTestCases.HomePageTestCases@595b007d]" started-at="2024-04-04T18:14:10 IST" name="ExtractDealTest" finished-at="2024-04-04T18:14:19 IST" duration-ms="8845" status="PASS">
          <reporter-output>
          </reporter-output>
        </test-method> <!-- ExtractDealTest -->
        <test-method is-config="true" signature="afterMethod(org.testng.ITestResult)[pri:0, instance:projectTestCases.HomePageTestCases@595b007d]" started-at="2024-04-04T18:14:19 IST" name="afterMethod" finished-at="2024-04-04T18:14:19 IST" duration-ms="1" status="PASS">
          <params>
            <param index="0">
              <value>
                <![CDATA[[TestResult name=ExtractDealTest status=SUCCESS method=HomePageTestCases.ExtractDealTest()[pri:3, instance:projectTestCases.HomePageTestCases@595b007d] output={null}]]]>
              </value>
            </param>
          </params>
          <reporter-output>
          </reporter-output>
        </test-method> <!-- afterMethod -->
        <test-method is-config="true" signature="getResult(org.testng.ITestResult)[pri:0, instance:projectTestCases.HomePageTestCases@595b007d]" started-at="2024-04-04T18:14:19 IST" name="getResult" finished-at="2024-04-04T18:14:19 IST" duration-ms="1" status="PASS">
          <params>
            <param index="0">
              <value>
                <![CDATA[[TestResult name=ExtractDealTest status=SUCCESS method=HomePageTestCases.ExtractDealTest()[pri:3, instance:projectTestCases.HomePageTestCases@595b007d] output={null}]]]>
              </value>
            </param>
          </params>
          <reporter-output>
          </reporter-output>
        </test-method> <!-- getResult -->
        <test-method is-config="true" signature="afterTest()[pri:0, instance:projectTestCases.HomePageTestCases@595b007d]" started-at="2024-04-04T18:14:19 IST" name="afterTest" finished-at="2024-04-04T18:14:21 IST" duration-ms="2366" status="PASS">
          <reporter-output>
          </reporter-output>
        </test-method> <!-- afterTest -->
      </class> <!-- projectTestCases.HomePageTestCases -->
    </test> <!-- ChromeTest2 -->
    <test started-at="2024-04-04T18:14:21 IST" name="ChromeTest3" finished-at="2024-04-04T18:14:55 IST" duration-ms="33547">
      <class name="projectTestCases.GiftCardPageTestCases">
        <test-method is-config="true" signature="beforeTest(java.lang.String)[pri:0, instance:projectTestCases.GiftCardPageTestCases@7f0eb4b4]" started-at="2024-04-04T18:14:21 IST" name="beforeTest" finished-at="2024-04-04T18:14:28 IST" duration-ms="6473" status="PASS">
          <params>
            <param index="0">
              <value>
                <![CDATA[chrome]]>
              </value>
            </param>
          </params>
          <reporter-output>
          </reporter-output>
        </test-method> <!-- beforeTest -->
        <test-method is-config="true" signature="beforeMethod(org.testng.ITestResult)[pri:0, instance:projectTestCases.GiftCardPageTestCases@7f0eb4b4]" started-at="2024-04-04T18:14:28 IST" name="beforeMethod" finished-at="2024-04-04T18:14:28 IST" duration-ms="2" status="PASS">
          <params>
            <param index="0">
              <value>
                <![CDATA[[TestResult name={null} status=CREATED method=GiftCardPageTestCases.checkHomePageUrlTest()[pri:1, instance:projectTestCases.GiftCardPageTestCases@7f0eb4b4] output={null}]]]>
              </value>
            </param>
          </params>
          <reporter-output>
          </reporter-output>
        </test-method> <!-- beforeMethod -->
        <test-method signature="checkHomePageUrlTest()[pri:1, instance:projectTestCases.GiftCardPageTestCases@7f0eb4b4]" started-at="2024-04-04T18:14:28 IST" name="checkHomePageUrlTest" finished-at="2024-04-04T18:14:28 IST" duration-ms="27" status="PASS">
          <reporter-output>
          </reporter-output>
        </test-method> <!-- checkHomePageUrlTest -->
        <test-method is-config="true" signature="afterMethod(org.testng.ITestResult)[pri:0, instance:projectTestCases.GiftCardPageTestCases@7f0eb4b4]" started-at="2024-04-04T18:14:28 IST" name="afterMethod" finished-at="2024-04-04T18:14:28 IST" duration-ms="1" status="PASS">
          <params>
            <param index="0">
              <value>
                <![CDATA[[TestResult name=checkHomePageUrlTest status=SUCCESS method=GiftCardPageTestCases.checkHomePageUrlTest()[pri:1, instance:projectTestCases.GiftCardPageTestCases@7f0eb4b4] output={null}]]]>
              </value>
            </param>
          </params>
          <reporter-output>
          </reporter-output>
        </test-method> <!-- afterMethod -->
        <test-method is-config="true" signature="getResult(org.testng.ITestResult)[pri:0, instance:projectTestCases.GiftCardPageTestCases@7f0eb4b4]" started-at="2024-04-04T18:14:28 IST" name="getResult" finished-at="2024-04-04T18:14:28 IST" duration-ms="1" status="PASS">
          <params>
            <param index="0">
              <value>
                <![CDATA[[TestResult name=checkHomePageUrlTest status=SUCCESS method=GiftCardPageTestCases.checkHomePageUrlTest()[pri:1, instance:projectTestCases.GiftCardPageTestCases@7f0eb4b4] output={null}]]]>
              </value>
            </param>
          </params>
          <reporter-output>
          </reporter-output>
        </test-method> <!-- getResult -->
        <test-method is-config="true" signature="beforeMethod(org.testng.ITestResult)[pri:0, instance:projectTestCases.GiftCardPageTestCases@7f0eb4b4]" started-at="2024-04-04T18:14:28 IST" name="beforeMethod" finished-at="2024-04-04T18:14:28 IST" duration-ms="0" status="PASS">
          <params>
            <param index="0">
              <value>
                <![CDATA[[TestResult name={null} status=CREATED method=GiftCardPageTestCases.checkClickGiftCardTest()[pri:2, instance:projectTestCases.GiftCardPageTestCases@7f0eb4b4] output={null}]]]>
              </value>
            </param>
          </params>
          <reporter-output>
          </reporter-output>
        </test-method> <!-- beforeMethod -->
        <test-method signature="checkClickGiftCardTest()[pri:2, instance:projectTestCases.GiftCardPageTestCases@7f0eb4b4]" started-at="2024-04-04T18:14:28 IST" name="checkClickGiftCardTest" finished-at="2024-04-04T18:14:38 IST" duration-ms="9696" status="PASS">
          <reporter-output>
          </reporter-output>
        </test-method> <!-- checkClickGiftCardTest -->
        <test-method is-config="true" signature="afterMethod(org.testng.ITestResult)[pri:0, instance:projectTestCases.GiftCardPageTestCases@7f0eb4b4]" started-at="2024-04-04T18:14:38 IST" name="afterMethod" finished-at="2024-04-04T18:14:38 IST" duration-ms="1" status="PASS">
          <params>
            <param index="0">
              <value>
                <![CDATA[[TestResult name=checkClickGiftCardTest status=SUCCESS method=GiftCardPageTestCases.checkClickGiftCardTest()[pri:2, instance:projectTestCases.GiftCardPageTestCases@7f0eb4b4] output={null}]]]>
              </value>
            </param>
          </params>
          <reporter-output>
          </reporter-output>
        </test-method> <!-- afterMethod -->
        <test-method is-config="true" signature="getResult(org.testng.ITestResult)[pri:0, instance:projectTestCases.GiftCardPageTestCases@7f0eb4b4]" started-at="2024-04-04T18:14:38 IST" name="getResult" finished-at="2024-04-04T18:14:38 IST" duration-ms="1" status="PASS">
          <params>
            <param index="0">
              <value>
                <![CDATA[[TestResult name=checkClickGiftCardTest status=SUCCESS method=GiftCardPageTestCases.checkClickGiftCardTest()[pri:2, instance:projectTestCases.GiftCardPageTestCases@7f0eb4b4] output={null}]]]>
              </value>
            </param>
          </params>
          <reporter-output>
          </reporter-output>
        </test-method> <!-- getResult -->
        <test-method is-config="true" signature="beforeMethod(org.testng.ITestResult)[pri:0, instance:projectTestCases.GiftCardPageTestCases@7f0eb4b4]" started-at="2024-04-04T18:14:38 IST" name="beforeMethod" finished-at="2024-04-04T18:14:38 IST" duration-ms="0" status="PASS">
          <params>
            <param index="0">
              <value>
                <![CDATA[[TestResult name={null} status=CREATED method=GiftCardPageTestCases.checkGiftCardUrlTest()[pri:3, instance:projectTestCases.GiftCardPageTestCases@7f0eb4b4] output={null}]]]>
              </value>
            </param>
          </params>
          <reporter-output>
          </reporter-output>
        </test-method> <!-- beforeMethod -->
        <test-method signature="checkGiftCardUrlTest()[pri:3, instance:projectTestCases.GiftCardPageTestCases@7f0eb4b4]" started-at="2024-04-04T18:14:38 IST" name="checkGiftCardUrlTest" finished-at="2024-04-04T18:14:38 IST" duration-ms="25" status="PASS">
          <reporter-output>
          </reporter-output>
        </test-method> <!-- checkGiftCardUrlTest -->
        <test-method is-config="true" signature="afterMethod(org.testng.ITestResult)[pri:0, instance:projectTestCases.GiftCardPageTestCases@7f0eb4b4]" started-at="2024-04-04T18:14:38 IST" name="afterMethod" finished-at="2024-04-04T18:14:38 IST" duration-ms="1" status="PASS">
          <params>
            <param index="0">
              <value>
                <![CDATA[[TestResult name=checkGiftCardUrlTest status=SUCCESS method=GiftCardPageTestCases.checkGiftCardUrlTest()[pri:3, instance:projectTestCases.GiftCardPageTestCases@7f0eb4b4] output={null}]]]>
              </value>
            </param>
          </params>
          <reporter-output>
          </reporter-output>
        </test-method> <!-- afterMethod -->
        <test-method is-config="true" signature="getResult(org.testng.ITestResult)[pri:0, instance:projectTestCases.GiftCardPageTestCases@7f0eb4b4]" started-at="2024-04-04T18:14:38 IST" name="getResult" finished-at="2024-04-04T18:14:38 IST" duration-ms="0" status="PASS">
          <params>
            <param index="0">
              <value>
                <![CDATA[[TestResult name=checkGiftCardUrlTest status=SUCCESS method=GiftCardPageTestCases.checkGiftCardUrlTest()[pri:3, instance:projectTestCases.GiftCardPageTestCases@7f0eb4b4] output={null}]]]>
              </value>
            </param>
          </params>
          <reporter-output>
          </reporter-output>
        </test-method> <!-- getResult -->
        <test-method is-config="true" signature="beforeMethod(org.testng.ITestResult)[pri:0, instance:projectTestCases.GiftCardPageTestCases@7f0eb4b4]" started-at="2024-04-04T18:14:38 IST" name="beforeMethod" finished-at="2024-04-04T18:14:38 IST" duration-ms="1" status="PASS">
          <params>
            <param index="0">
              <value>
                <![CDATA[[TestResult name={null} status=CREATED method=GiftCardPageTestCases.checkGiftCardTitleTest()[pri:5, instance:projectTestCases.GiftCardPageTestCases@7f0eb4b4] output={null}]]]>
              </value>
            </param>
          </params>
          <reporter-output>
          </reporter-output>
        </test-method> <!-- beforeMethod -->
        <test-method signature="checkGiftCardTitleTest()[pri:5, instance:projectTestCases.GiftCardPageTestCases@7f0eb4b4]" started-at="2024-04-04T18:14:38 IST" name="checkGiftCardTitleTest" finished-at="2024-04-04T18:14:38 IST" duration-ms="19" status="PASS">
          <reporter-output>
          </reporter-output>
        </test-method> <!-- checkGiftCardTitleTest -->
        <test-method is-config="true" signature="afterMethod(org.testng.ITestResult)[pri:0, instance:projectTestCases.GiftCardPageTestCases@7f0eb4b4]" started-at="2024-04-04T18:14:38 IST" name="afterMethod" finished-at="2024-04-04T18:14:38 IST" duration-ms="1" status="PASS">
          <params>
            <param index="0">
              <value>
                <![CDATA[[TestResult name=checkGiftCardTitleTest status=SUCCESS method=GiftCardPageTestCases.checkGiftCardTitleTest()[pri:5, instance:projectTestCases.GiftCardPageTestCases@7f0eb4b4] output={null}]]]>
              </value>
            </param>
          </params>
          <reporter-output>
          </reporter-output>
        </test-method> <!-- afterMethod -->
        <test-method is-config="true" signature="getResult(org.testng.ITestResult)[pri:0, instance:projectTestCases.GiftCardPageTestCases@7f0eb4b4]" started-at="2024-04-04T18:14:38 IST" name="getResult" finished-at="2024-04-04T18:14:38 IST" duration-ms="2" status="PASS">
          <params>
            <param index="0">
              <value>
                <![CDATA[[TestResult name=checkGiftCardTitleTest status=SUCCESS method=GiftCardPageTestCases.checkGiftCardTitleTest()[pri:5, instance:projectTestCases.GiftCardPageTestCases@7f0eb4b4] output={null}]]]>
              </value>
            </param>
          </params>
          <reporter-output>
          </reporter-output>
        </test-method> <!-- getResult -->
        <test-method is-config="true" signature="beforeMethod(org.testng.ITestResult)[pri:0, instance:projectTestCases.GiftCardPageTestCases@7f0eb4b4]" started-at="2024-04-04T18:14:38 IST" name="beforeMethod" finished-at="2024-04-04T18:14:38 IST" duration-ms="1" status="PASS">
          <params>
            <param index="0">
              <value>
                <![CDATA[[TestResult name={null} status=CREATED method=GiftCardPageTestCases.OccasionHandleTest()[pri:6, instance:projectTestCases.GiftCardPageTestCases@7f0eb4b4] output={null}]]]>
              </value>
            </param>
          </params>
          <reporter-output>
          </reporter-output>
        </test-method> <!-- beforeMethod -->
        <test-method signature="OccasionHandleTest()[pri:6, instance:projectTestCases.GiftCardPageTestCases@7f0eb4b4]" started-at="2024-04-04T18:14:38 IST" name="OccasionHandleTest" finished-at="2024-04-04T18:14:38 IST" duration-ms="819" status="PASS">
          <reporter-output>
          </reporter-output>
        </test-method> <!-- OccasionHandleTest -->
        <test-method is-config="true" signature="afterMethod(org.testng.ITestResult)[pri:0, instance:projectTestCases.GiftCardPageTestCases@7f0eb4b4]" started-at="2024-04-04T18:14:38 IST" name="afterMethod" finished-at="2024-04-04T18:14:38 IST" duration-ms="0" status="PASS">
          <params>
            <param index="0">
              <value>
                <![CDATA[[TestResult name=OccasionHandleTest status=SUCCESS method=GiftCardPageTestCases.OccasionHandleTest()[pri:6, instance:projectTestCases.GiftCardPageTestCases@7f0eb4b4] output={null}]]]>
              </value>
            </param>
          </params>
          <reporter-output>
          </reporter-output>
        </test-method> <!-- afterMethod -->
        <test-method is-config="true" signature="getResult(org.testng.ITestResult)[pri:0, instance:projectTestCases.GiftCardPageTestCases@7f0eb4b4]" started-at="2024-04-04T18:14:38 IST" name="getResult" finished-at="2024-04-04T18:14:38 IST" duration-ms="0" status="PASS">
          <params>
            <param index="0">
              <value>
                <![CDATA[[TestResult name=OccasionHandleTest status=SUCCESS method=GiftCardPageTestCases.OccasionHandleTest()[pri:6, instance:projectTestCases.GiftCardPageTestCases@7f0eb4b4] output={null}]]]>
              </value>
            </param>
          </params>
          <reporter-output>
          </reporter-output>
        </test-method> <!-- getResult -->
        <test-method is-config="true" signature="beforeMethod(org.testng.ITestResult)[pri:0, instance:projectTestCases.GiftCardPageTestCases@7f0eb4b4]" started-at="2024-04-04T18:14:38 IST" name="beforeMethod" finished-at="2024-04-04T18:14:38 IST" duration-ms="0" status="PASS">
          <params>
            <param index="0">
              <value>
                <![CDATA[[TestResult name={null} status=CREATED method=GiftCardPageTestCases.AmountHandlerTest()[pri:7, instance:projectTestCases.GiftCardPageTestCases@7f0eb4b4] output={null}]]]>
              </value>
            </param>
          </params>
          <reporter-output>
          </reporter-output>
        </test-method> <!-- beforeMethod -->
        <test-method signature="AmountHandlerTest()[pri:7, instance:projectTestCases.GiftCardPageTestCases@7f0eb4b4]" started-at="2024-04-04T18:14:38 IST" name="AmountHandlerTest" finished-at="2024-04-04T18:14:39 IST" duration-ms="147" status="PASS">
          <reporter-output>
          </reporter-output>
        </test-method> <!-- AmountHandlerTest -->
        <test-method is-config="true" signature="getResult(org.testng.ITestResult)[pri:0, instance:projectTestCases.GiftCardPageTestCases@7f0eb4b4]" started-at="2024-04-04T18:14:39 IST" name="getResult" finished-at="2024-04-04T18:14:39 IST" duration-ms="0" status="PASS">
          <params>
            <param index="0">
              <value>
                <![CDATA[[TestResult name=AmountHandlerTest status=SUCCESS method=GiftCardPageTestCases.AmountHandlerTest()[pri:7, instance:projectTestCases.GiftCardPageTestCases@7f0eb4b4] output={null}]]]>
              </value>
            </param>
          </params>
          <reporter-output>
          </reporter-output>
        </test-method> <!-- getResult -->
        <test-method is-config="true" signature="afterMethod(org.testng.ITestResult)[pri:0, instance:projectTestCases.GiftCardPageTestCases@7f0eb4b4]" started-at="2024-04-04T18:14:39 IST" name="afterMethod" finished-at="2024-04-04T18:14:39 IST" duration-ms="0" status="PASS">
          <params>
            <param index="0">
              <value>
                <![CDATA[[TestResult name=AmountHandlerTest status=SUCCESS method=GiftCardPageTestCases.AmountHandlerTest()[pri:7, instance:projectTestCases.GiftCardPageTestCases@7f0eb4b4] output={null}]]]>
              </value>
            </param>
          </params>
          <reporter-output>
          </reporter-output>
        </test-method> <!-- afterMethod -->
        <test-method signature="DropDownHandlerTest()[pri:8, instance:projectTestCases.GiftCardPageTestCases@7f0eb4b4]" started-at="2024-04-04T18:14:39 IST" name="DropDownHandlerTest" finished-at="2024-04-04T18:14:39 IST" duration-ms="890" status="PASS">
          <reporter-output>
          </reporter-output>
        </test-method> <!-- DropDownHandlerTest -->
        <test-method is-config="true" signature="beforeMethod(org.testng.ITestResult)[pri:0, instance:projectTestCases.GiftCardPageTestCases@7f0eb4b4]" started-at="2024-04-04T18:14:39 IST" name="beforeMethod" finished-at="2024-04-04T18:14:39 IST" duration-ms="0" status="PASS">
          <params>
            <param index="0">
              <value>
                <![CDATA[[TestResult name={null} status=CREATED method=GiftCardPageTestCases.DropDownHandlerTest()[pri:8, instance:projectTestCases.GiftCardPageTestCases@7f0eb4b4] output={null}]]]>
              </value>
            </param>
          </params>
          <reporter-output>
          </reporter-output>
        </test-method> <!-- beforeMethod -->
        <test-method is-config="true" signature="afterMethod(org.testng.ITestResult)[pri:0, instance:projectTestCases.GiftCardPageTestCases@7f0eb4b4]" started-at="2024-04-04T18:14:39 IST" name="afterMethod" finished-at="2024-04-04T18:14:39 IST" duration-ms="1" status="PASS">
          <params>
            <param index="0">
              <value>
                <![CDATA[[TestResult name=DropDownHandlerTest status=SUCCESS method=GiftCardPageTestCases.DropDownHandlerTest()[pri:8, instance:projectTestCases.GiftCardPageTestCases@7f0eb4b4] output={null}]]]>
              </value>
            </param>
          </params>
          <reporter-output>
          </reporter-output>
        </test-method> <!-- afterMethod -->
        <test-method is-config="true" signature="getResult(org.testng.ITestResult)[pri:0, instance:projectTestCases.GiftCardPageTestCases@7f0eb4b4]" started-at="2024-04-04T18:14:39 IST" name="getResult" finished-at="2024-04-04T18:14:39 IST" duration-ms="0" status="PASS">
          <params>
            <param index="0">
              <value>
                <![CDATA[[TestResult name=DropDownHandlerTest status=SUCCESS method=GiftCardPageTestCases.DropDownHandlerTest()[pri:8, instance:projectTestCases.GiftCardPageTestCases@7f0eb4b4] output={null}]]]>
              </value>
            </param>
          </params>
          <reporter-output>
          </reporter-output>
        </test-method> <!-- getResult -->
        <test-method signature="ButtonHandleTest()[pri:9, instance:projectTestCases.GiftCardPageTestCases@7f0eb4b4]" started-at="2024-04-04T18:14:39 IST" name="ButtonHandleTest" finished-at="2024-04-04T18:14:40 IST" duration-ms="442" status="PASS">
          <reporter-output>
          </reporter-output>
        </test-method> <!-- ButtonHandleTest -->
        <test-method is-config="true" signature="beforeMethod(org.testng.ITestResult)[pri:0, instance:projectTestCases.GiftCardPageTestCases@7f0eb4b4]" started-at="2024-04-04T18:14:39 IST" name="beforeMethod" finished-at="2024-04-04T18:14:39 IST" duration-ms="0" status="PASS">
          <params>
            <param index="0">
              <value>
                <![CDATA[[TestResult name={null} status=CREATED method=GiftCardPageTestCases.ButtonHandleTest()[pri:9, instance:projectTestCases.GiftCardPageTestCases@7f0eb4b4] output={null}]]]>
              </value>
            </param>
          </params>
          <reporter-output>
          </reporter-output>
        </test-method> <!-- beforeMethod -->
        <test-method is-config="true" signature="afterMethod(org.testng.ITestResult)[pri:0, instance:projectTestCases.GiftCardPageTestCases@7f0eb4b4]" started-at="2024-04-04T18:14:40 IST" name="afterMethod" finished-at="2024-04-04T18:14:40 IST" duration-ms="1" status="PASS">
          <params>
            <param index="0">
              <value>
                <![CDATA[[TestResult name=ButtonHandleTest status=SUCCESS method=GiftCardPageTestCases.ButtonHandleTest()[pri:9, instance:projectTestCases.GiftCardPageTestCases@7f0eb4b4] output={null}]]]>
              </value>
            </param>
          </params>
          <reporter-output>
          </reporter-output>
        </test-method> <!-- afterMethod -->
        <test-method is-config="true" signature="getResult(org.testng.ITestResult)[pri:0, instance:projectTestCases.GiftCardPageTestCases@7f0eb4b4]" started-at="2024-04-04T18:14:40 IST" name="getResult" finished-at="2024-04-04T18:14:40 IST" duration-ms="1" status="PASS">
          <params>
            <param index="0">
              <value>
                <![CDATA[[TestResult name=ButtonHandleTest status=SUCCESS method=GiftCardPageTestCases.ButtonHandleTest()[pri:9, instance:projectTestCases.GiftCardPageTestCases@7f0eb4b4] output={null}]]]>
              </value>
            </param>
          </params>
          <reporter-output>
          </reporter-output>
        </test-method> <!-- getResult -->
        <test-method is-config="true" signature="beforeMethod(org.testng.ITestResult)[pri:0, instance:projectTestCases.GiftCardPageTestCases@7f0eb4b4]" started-at="2024-04-04T18:14:41 IST" name="beforeMethod" finished-at="2024-04-04T18:14:41 IST" duration-ms="1" status="PASS">
          <params>
            <param index="0">
              <value>
                <![CDATA[[TestResult name={null} status=CREATED method=GiftCardPageTestCases.enterFormDetailsTest(java.lang.String,java.lang.String,java.lang.String,java.lang.String,java.lang.String,java.lang.String,java.lang.String,java.lang.String)[pri:10, instance:projectTestCases.GiftCardPageTestCases@7f0eb4b4] output={null}]]]>
              </value>
            </param>
          </params>
          <reporter-output>
          </reporter-output>
        </test-method> <!-- beforeMethod -->
        <test-method signature="enterFormDetailsTest(java.lang.String,java.lang.String,java.lang.String,java.lang.String,java.lang.String,java.lang.String,java.lang.String,java.lang.String)[pri:10, instance:projectTestCases.GiftCardPageTestCases@7f0eb4b4]" started-at="2024-04-04T18:14:41 IST" name="enterFormDetailsTest" data-provider="enterFormDetailsTest" finished-at="2024-04-04T18:14:53 IST" duration-ms="11707" status="PASS">
          <params>
            <param index="0">
              <value>
                <![CDATA[shreya]]>
              </value>
            </param>
            <param index="1">
              <value>
                <![CDATA[shreya1]]>
              </value>
            </param>
            <param index="2">
              <value>
                <![CDATA[9.876543211E9]]>
              </value>
            </param>
            <param index="3">
              <value>
                <![CDATA[chotu]]>
              </value>
            </param>
            <param index="4">
              <value>
                <![CDATA[chotu@gmail.com]]>
              </value>
            </param>
            <param index="5">
              <value>
                <![CDATA[9.876543212E9]]>
              </value>
            </param>
            <param index="6">
              <value>
                <![CDATA[park square]]>
              </value>
            </param>
            <param index="7">
              <value>
                <![CDATA[700009.0]]>
              </value>
            </param>
          </params>
          <reporter-output>
          </reporter-output>
        </test-method> <!-- enterFormDetailsTest -->
        <test-method is-config="true" signature="afterMethod(org.testng.ITestResult)[pri:0, instance:projectTestCases.GiftCardPageTestCases@7f0eb4b4]" started-at="2024-04-04T18:14:53 IST" name="afterMethod" finished-at="2024-04-04T18:14:53 IST" duration-ms="1" status="PASS">
          <params>
            <param index="0">
              <value>
                <![CDATA[[TestResult name=enterFormDetailsTest status=SUCCESS method=GiftCardPageTestCases.enterFormDetailsTest(java.lang.String,java.lang.String,java.lang.String,java.lang.String,java.lang.String,java.lang.String,java.lang.String,java.lang.String)[pri:10, instance:projectTestCases.GiftCardPageTestCases@7f0eb4b4] output={null}]]]>
              </value>
            </param>
          </params>
          <reporter-output>
          </reporter-output>
        </test-method> <!-- afterMethod -->
        <test-method is-config="true" signature="getResult(org.testng.ITestResult)[pri:0, instance:projectTestCases.GiftCardPageTestCases@7f0eb4b4]" started-at="2024-04-04T18:14:53 IST" name="getResult" finished-at="2024-04-04T18:14:53 IST" duration-ms="0" status="PASS">
          <params>
            <param index="0">
              <value>
                <![CDATA[[TestResult name=enterFormDetailsTest status=SUCCESS method=GiftCardPageTestCases.enterFormDetailsTest(java.lang.String,java.lang.String,java.lang.String,java.lang.String,java.lang.String,java.lang.String,java.lang.String,java.lang.String)[pri:10, instance:projectTestCases.GiftCardPageTestCases@7f0eb4b4] output={null}]]]>
              </value>
            </param>
          </params>
          <reporter-output>
          </reporter-output>
        </test-method> <!-- getResult -->
        <test-method is-config="true" signature="afterTest()[pri:0, instance:projectTestCases.GiftCardPageTestCases@7f0eb4b4]" started-at="2024-04-04T18:14:53 IST" name="afterTest" finished-at="2024-04-04T18:14:55 IST" duration-ms="2047" status="PASS">
          <reporter-output>
          </reporter-output>
        </test-method> <!-- afterTest -->
      </class> <!-- projectTestCases.GiftCardPageTestCases -->
    </test> <!-- ChromeTest3 -->
    <test started-at="2024-04-04T18:14:55 IST" name="EdgeTest1" finished-at="2024-04-04T18:15:33 IST" duration-ms="37648">
      <class name="projectTestCases.ProductPageTestCases">
        <test-method is-config="true" signature="beforeTest(java.lang.String)[pri:0, instance:projectTestCases.ProductPageTestCases@4ec4f3a0]" started-at="2024-04-04T18:14:55 IST" name="beforeTest" finished-at="2024-04-04T18:15:04 IST" duration-ms="9484" status="PASS">
          <params>
            <param index="0">
              <value>
                <![CDATA[edge]]>
              </value>
            </param>
          </params>
          <reporter-output>
          </reporter-output>
        </test-method> <!-- beforeTest -->
        <test-method is-config="true" signature="beforeMethod(org.testng.ITestResult)[pri:0, instance:projectTestCases.ProductPageTestCases@4ec4f3a0]" started-at="2024-04-04T18:15:04 IST" name="beforeMethod" finished-at="2024-04-04T18:15:04 IST" duration-ms="1" status="PASS">
          <params>
            <param index="0">
              <value>
                <![CDATA[[TestResult name={null} status=CREATED method=ProductPageTestCases.checkHomePageUrlTest()[pri:1, instance:projectTestCases.ProductPageTestCases@4ec4f3a0] output={null}]]]>
              </value>
            </param>
          </params>
          <reporter-output>
          </reporter-output>
        </test-method> <!-- beforeMethod -->
        <test-method signature="checkHomePageUrlTest()[pri:1, instance:projectTestCases.ProductPageTestCases@4ec4f3a0]" started-at="2024-04-04T18:15:04 IST" name="checkHomePageUrlTest" finished-at="2024-04-04T18:15:04 IST" duration-ms="26" status="PASS">
          <reporter-output>
          </reporter-output>
        </test-method> <!-- checkHomePageUrlTest -->
        <test-method is-config="true" signature="afterMethod(org.testng.ITestResult)[pri:0, instance:projectTestCases.ProductPageTestCases@4ec4f3a0]" started-at="2024-04-04T18:15:04 IST" name="afterMethod" finished-at="2024-04-04T18:15:04 IST" duration-ms="1" status="PASS">
          <params>
            <param index="0">
              <value>
                <![CDATA[[TestResult name=checkHomePageUrlTest status=SUCCESS method=ProductPageTestCases.checkHomePageUrlTest()[pri:1, instance:projectTestCases.ProductPageTestCases@4ec4f3a0] output={null}]]]>
              </value>
            </param>
          </params>
          <reporter-output>
          </reporter-output>
        </test-method> <!-- afterMethod -->
        <test-method is-config="true" signature="getResult(org.testng.ITestResult)[pri:0, instance:projectTestCases.ProductPageTestCases@4ec4f3a0]" started-at="2024-04-04T18:15:04 IST" name="getResult" finished-at="2024-04-04T18:15:04 IST" duration-ms="1" status="PASS">
          <params>
            <param index="0">
              <value>
                <![CDATA[[TestResult name=checkHomePageUrlTest status=SUCCESS method=ProductPageTestCases.checkHomePageUrlTest()[pri:1, instance:projectTestCases.ProductPageTestCases@4ec4f3a0] output={null}]]]>
              </value>
            </param>
          </params>
          <reporter-output>
          </reporter-output>
        </test-method> <!-- getResult -->
        <test-method is-config="true" signature="beforeMethod(org.testng.ITestResult)[pri:0, instance:projectTestCases.ProductPageTestCases@4ec4f3a0]" started-at="2024-04-04T18:15:04 IST" name="beforeMethod" finished-at="2024-04-04T18:15:04 IST" duration-ms="1" status="PASS">
          <params>
            <param index="0">
              <value>
                <![CDATA[[TestResult name={null} status=CREATED method=ProductPageTestCases.clickBookShelfTest()[pri:2, instance:projectTestCases.ProductPageTestCases@4ec4f3a0] output={null}]]]>
              </value>
            </param>
          </params>
          <reporter-output>
          </reporter-output>
        </test-method> <!-- beforeMethod -->
        <test-method signature="clickBookShelfTest()[pri:2, instance:projectTestCases.ProductPageTestCases@4ec4f3a0]" started-at="2024-04-04T18:15:04 IST" name="clickBookShelfTest" finished-at="2024-04-04T18:15:08 IST" duration-ms="4074" status="PASS">
          <reporter-output>
          </reporter-output>
        </test-method> <!-- clickBookShelfTest -->
        <test-method is-config="true" signature="afterMethod(org.testng.ITestResult)[pri:0, instance:projectTestCases.ProductPageTestCases@4ec4f3a0]" started-at="2024-04-04T18:15:08 IST" name="afterMethod" finished-at="2024-04-04T18:15:08 IST" duration-ms="0" status="PASS">
          <params>
            <param index="0">
              <value>
                <![CDATA[[TestResult name=clickBookShelfTest status=SUCCESS method=ProductPageTestCases.clickBookShelfTest()[pri:2, instance:projectTestCases.ProductPageTestCases@4ec4f3a0] output={null}]]]>
              </value>
            </param>
          </params>
          <reporter-output>
          </reporter-output>
        </test-method> <!-- afterMethod -->
        <test-method is-config="true" signature="getResult(org.testng.ITestResult)[pri:0, instance:projectTestCases.ProductPageTestCases@4ec4f3a0]" started-at="2024-04-04T18:15:08 IST" name="getResult" finished-at="2024-04-04T18:15:08 IST" duration-ms="1" status="PASS">
          <params>
            <param index="0">
              <value>
                <![CDATA[[TestResult name=clickBookShelfTest status=SUCCESS method=ProductPageTestCases.clickBookShelfTest()[pri:2, instance:projectTestCases.ProductPageTestCases@4ec4f3a0] output={null}]]]>
              </value>
            </param>
          </params>
          <reporter-output>
          </reporter-output>
        </test-method> <!-- getResult -->
        <test-method is-config="true" signature="beforeMethod(org.testng.ITestResult)[pri:0, instance:projectTestCases.ProductPageTestCases@4ec4f3a0]" started-at="2024-04-04T18:15:08 IST" name="beforeMethod" finished-at="2024-04-04T18:15:08 IST" duration-ms="1" status="PASS">
          <params>
            <param index="0">
              <value>
                <![CDATA[[TestResult name={null} status=CREATED method=ProductPageTestCases.checkProductPageUrlTest()[pri:4, instance:projectTestCases.ProductPageTestCases@4ec4f3a0] output={null}]]]>
              </value>
            </param>
          </params>
          <reporter-output>
          </reporter-output>
        </test-method> <!-- beforeMethod -->
        <test-method signature="checkProductPageUrlTest()[pri:4, instance:projectTestCases.ProductPageTestCases@4ec4f3a0]" started-at="2024-04-04T18:15:08 IST" name="checkProductPageUrlTest" finished-at="2024-04-04T18:15:09 IST" duration-ms="12" status="PASS">
          <reporter-output>
          </reporter-output>
        </test-method> <!-- checkProductPageUrlTest -->
        <test-method is-config="true" signature="afterMethod(org.testng.ITestResult)[pri:0, instance:projectTestCases.ProductPageTestCases@4ec4f3a0]" started-at="2024-04-04T18:15:09 IST" name="afterMethod" finished-at="2024-04-04T18:15:09 IST" duration-ms="0" status="PASS">
          <params>
            <param index="0">
              <value>
                <![CDATA[[TestResult name=checkProductPageUrlTest status=SUCCESS method=ProductPageTestCases.checkProductPageUrlTest()[pri:4, instance:projectTestCases.ProductPageTestCases@4ec4f3a0] output={null}]]]>
              </value>
            </param>
          </params>
          <reporter-output>
          </reporter-output>
        </test-method> <!-- afterMethod -->
        <test-method is-config="true" signature="getResult(org.testng.ITestResult)[pri:0, instance:projectTestCases.ProductPageTestCases@4ec4f3a0]" started-at="2024-04-04T18:15:09 IST" name="getResult" finished-at="2024-04-04T18:15:09 IST" duration-ms="1" status="PASS">
          <params>
            <param index="0">
              <value>
                <![CDATA[[TestResult name=checkProductPageUrlTest status=SUCCESS method=ProductPageTestCases.checkProductPageUrlTest()[pri:4, instance:projectTestCases.ProductPageTestCases@4ec4f3a0] output={null}]]]>
              </value>
            </param>
          </params>
          <reporter-output>
          </reporter-output>
        </test-method> <!-- getResult -->
        <test-method is-config="true" signature="beforeMethod(org.testng.ITestResult)[pri:0, instance:projectTestCases.ProductPageTestCases@4ec4f3a0]" started-at="2024-04-04T18:15:09 IST" name="beforeMethod" finished-at="2024-04-04T18:15:09 IST" duration-ms="1" status="PASS">
          <params>
            <param index="0">
              <value>
                <![CDATA[[TestResult name={null} status=CREATED method=ProductPageTestCases.checkProductPageTitleTest()[pri:5, instance:projectTestCases.ProductPageTestCases@4ec4f3a0] output={null}]]]>
              </value>
            </param>
          </params>
          <reporter-output>
          </reporter-output>
        </test-method> <!-- beforeMethod -->
        <test-method signature="checkProductPageTitleTest()[pri:5, instance:projectTestCases.ProductPageTestCases@4ec4f3a0]" started-at="2024-04-04T18:15:09 IST" name="checkProductPageTitleTest" finished-at="2024-04-04T18:15:09 IST" duration-ms="11" status="PASS">
          <reporter-output>
          </reporter-output>
        </test-method> <!-- checkProductPageTitleTest -->
        <test-method is-config="true" signature="afterMethod(org.testng.ITestResult)[pri:0, instance:projectTestCases.ProductPageTestCases@4ec4f3a0]" started-at="2024-04-04T18:15:09 IST" name="afterMethod" finished-at="2024-04-04T18:15:09 IST" duration-ms="0" status="PASS">
          <params>
            <param index="0">
              <value>
                <![CDATA[[TestResult name=checkProductPageTitleTest status=SUCCESS method=ProductPageTestCases.checkProductPageTitleTest()[pri:5, instance:projectTestCases.ProductPageTestCases@4ec4f3a0] output={null}]]]>
              </value>
            </param>
          </params>
          <reporter-output>
          </reporter-output>
        </test-method> <!-- afterMethod -->
        <test-method is-config="true" signature="beforeMethod(org.testng.ITestResult)[pri:0, instance:projectTestCases.ProductPageTestCases@4ec4f3a0]" started-at="2024-04-04T18:15:09 IST" name="beforeMethod" finished-at="2024-04-04T18:15:09 IST" duration-ms="1" status="PASS">
          <params>
            <param index="0">
              <value>
                <![CDATA[[TestResult name={null} status=CREATED method=ProductPageTestCases.popupTest()[pri:6, instance:projectTestCases.ProductPageTestCases@4ec4f3a0] output={null}]]]>
              </value>
            </param>
          </params>
          <reporter-output>
          </reporter-output>
        </test-method> <!-- beforeMethod -->
        <test-method is-config="true" signature="getResult(org.testng.ITestResult)[pri:0, instance:projectTestCases.ProductPageTestCases@4ec4f3a0]" started-at="2024-04-04T18:15:09 IST" name="getResult" finished-at="2024-04-04T18:15:09 IST" duration-ms="0" status="PASS">
          <params>
            <param index="0">
              <value>
                <![CDATA[[TestResult name=checkProductPageTitleTest status=SUCCESS method=ProductPageTestCases.checkProductPageTitleTest()[pri:5, instance:projectTestCases.ProductPageTestCases@4ec4f3a0] output={null}]]]>
              </value>
            </param>
          </params>
          <reporter-output>
          </reporter-output>
        </test-method> <!-- getResult -->
        <test-method signature="popupTest()[pri:6, instance:projectTestCases.ProductPageTestCases@4ec4f3a0]" started-at="2024-04-04T18:15:09 IST" name="popupTest" finished-at="2024-04-04T18:15:14 IST" duration-ms="5229" status="PASS">
          <reporter-output>
          </reporter-output>
        </test-method> <!-- popupTest -->
        <test-method signature="PriceSliderTest()[pri:7, instance:projectTestCases.ProductPageTestCases@4ec4f3a0]" started-at="2024-04-04T18:15:14 IST" name="PriceSliderTest" finished-at="2024-04-04T18:15:25 IST" duration-ms="10811" status="PASS">
          <reporter-output>
          </reporter-output>
        </test-method> <!-- PriceSliderTest -->
        <test-method is-config="true" signature="getResult(org.testng.ITestResult)[pri:0, instance:projectTestCases.ProductPageTestCases@4ec4f3a0]" started-at="2024-04-04T18:15:14 IST" name="getResult" finished-at="2024-04-04T18:15:14 IST" duration-ms="0" status="PASS">
          <params>
            <param index="0">
              <value>
                <![CDATA[[TestResult name=popupTest status=SUCCESS method=ProductPageTestCases.popupTest()[pri:6, instance:projectTestCases.ProductPageTestCases@4ec4f3a0] output={null}]]]>
              </value>
            </param>
          </params>
          <reporter-output>
          </reporter-output>
        </test-method> <!-- getResult -->
        <test-method is-config="true" signature="beforeMethod(org.testng.ITestResult)[pri:0, instance:projectTestCases.ProductPageTestCases@4ec4f3a0]" started-at="2024-04-04T18:15:14 IST" name="beforeMethod" finished-at="2024-04-04T18:15:14 IST" duration-ms="0" status="PASS">
          <params>
            <param index="0">
              <value>
                <![CDATA[[TestResult name={null} status=CREATED method=ProductPageTestCases.PriceSliderTest()[pri:7, instance:projectTestCases.ProductPageTestCases@4ec4f3a0] output={null}]]]>
              </value>
            </param>
          </params>
          <reporter-output>
          </reporter-output>
        </test-method> <!-- beforeMethod -->
        <test-method is-config="true" signature="afterMethod(org.testng.ITestResult)[pri:0, instance:projectTestCases.ProductPageTestCases@4ec4f3a0]" started-at="2024-04-04T18:15:14 IST" name="afterMethod" finished-at="2024-04-04T18:15:14 IST" duration-ms="0" status="PASS">
          <params>
            <param index="0">
              <value>
                <![CDATA[[TestResult name=popupTest status=SUCCESS method=ProductPageTestCases.popupTest()[pri:6, instance:projectTestCases.ProductPageTestCases@4ec4f3a0] output={null}]]]>
              </value>
            </param>
          </params>
          <reporter-output>
          </reporter-output>
        </test-method> <!-- afterMethod -->
        <test-method is-config="true" signature="afterMethod(org.testng.ITestResult)[pri:0, instance:projectTestCases.ProductPageTestCases@4ec4f3a0]" started-at="2024-04-04T18:15:25 IST" name="afterMethod" finished-at="2024-04-04T18:15:25 IST" duration-ms="1" status="PASS">
          <params>
            <param index="0">
              <value>
                <![CDATA[[TestResult name=PriceSliderTest status=SUCCESS method=ProductPageTestCases.PriceSliderTest()[pri:7, instance:projectTestCases.ProductPageTestCases@4ec4f3a0] output={null}]]]>
              </value>
            </param>
          </params>
          <reporter-output>
          </reporter-output>
        </test-method> <!-- afterMethod -->
        <test-method is-config="true" signature="getResult(org.testng.ITestResult)[pri:0, instance:projectTestCases.ProductPageTestCases@4ec4f3a0]" started-at="2024-04-04T18:15:25 IST" name="getResult" finished-at="2024-04-04T18:15:25 IST" duration-ms="0" status="PASS">
          <params>
            <param index="0">
              <value>
                <![CDATA[[TestResult name=PriceSliderTest status=SUCCESS method=ProductPageTestCases.PriceSliderTest()[pri:7, instance:projectTestCases.ProductPageTestCases@4ec4f3a0] output={null}]]]>
              </value>
            </param>
          </params>
          <reporter-output>
          </reporter-output>
        </test-method> <!-- getResult -->
        <test-method is-config="true" signature="beforeMethod(org.testng.ITestResult)[pri:0, instance:projectTestCases.ProductPageTestCases@4ec4f3a0]" started-at="2024-04-04T18:15:25 IST" name="beforeMethod" finished-at="2024-04-04T18:15:25 IST" duration-ms="2" status="PASS">
          <params>
            <param index="0">
              <value>
                <![CDATA[[TestResult name={null} status=CREATED method=ProductPageTestCases.StorageTypeTest()[pri:8, instance:projectTestCases.ProductPageTestCases@4ec4f3a0] output={null}]]]>
              </value>
            </param>
          </params>
          <reporter-output>
          </reporter-output>
        </test-method> <!-- beforeMethod -->
        <test-method signature="StorageTypeTest()[pri:8, instance:projectTestCases.ProductPageTestCases@4ec4f3a0]" started-at="2024-04-04T18:15:25 IST" name="StorageTypeTest" finished-at="2024-04-04T18:15:25 IST" duration-ms="449" status="PASS">
          <reporter-output>
          </reporter-output>
        </test-method> <!-- StorageTypeTest -->
        <test-method is-config="true" signature="afterMethod(org.testng.ITestResult)[pri:0, instance:projectTestCases.ProductPageTestCases@4ec4f3a0]" started-at="2024-04-04T18:15:25 IST" name="afterMethod" finished-at="2024-04-04T18:15:25 IST" duration-ms="2" status="PASS">
          <params>
            <param index="0">
              <value>
                <![CDATA[[TestResult name=StorageTypeTest status=SUCCESS method=ProductPageTestCases.StorageTypeTest()[pri:8, instance:projectTestCases.ProductPageTestCases@4ec4f3a0] output={null}]]]>
              </value>
            </param>
          </params>
          <reporter-output>
          </reporter-output>
        </test-method> <!-- afterMethod -->
        <test-method is-config="true" signature="getResult(org.testng.ITestResult)[pri:0, instance:projectTestCases.ProductPageTestCases@4ec4f3a0]" started-at="2024-04-04T18:15:25 IST" name="getResult" finished-at="2024-04-04T18:15:25 IST" duration-ms="1" status="PASS">
          <params>
            <param index="0">
              <value>
                <![CDATA[[TestResult name=StorageTypeTest status=SUCCESS method=ProductPageTestCases.StorageTypeTest()[pri:8, instance:projectTestCases.ProductPageTestCases@4ec4f3a0] output={null}]]]>
              </value>
            </param>
          </params>
          <reporter-output>
          </reporter-output>
        </test-method> <!-- getResult -->
[...]
          <params>
            <param index="0">
              <value>
                <![CDATA[[TestResult name={null} status=CREATED method=GiftCardPageTestCases.checkGiftCardUrlTest()[pri:3, instance:projectTestCases.GiftCardPageTestCases@72967906] output={null}]]]>
              </value>
            </param>
          </params>
          <reporter-output>
          </reporter-output>
        </test-method> <!-- beforeMethod -->
        <test-method signature="checkGiftCardUrlTest()[pri:3, instance:projectTestCases.GiftCardPageTestCases@72967906]" started-at="2024-04-04T18:16:18 IST" name="checkGiftCardUrlTest" finished-at="2024-04-04T18:16:18 IST" duration-ms="15" status="PASS">
          <reporter-output>
          </reporter-output>
        </test-method> <!-- checkGiftCardUrlTest -->
        <test-method is-config="true" signature="afterMethod(org.testng.ITestResult)[pri:0, instance:projectTestCases.GiftCardPageTestCases@72967906]" started-at="2024-04-04T18:16:18 IST" name="afterMethod" finished-at="2024-04-04T18:16:18 IST" duration-ms="1" status="PASS">
          <params>
            <param index="0">
              <value>
                <![CDATA[[TestResult name=checkGiftCardUrlTest status=SUCCESS method=GiftCardPageTestCases.checkGiftCardUrlTest()[pri:3, instance:projectTestCases.GiftCardPageTestCases@72967906] output={null}]]]>
              </value>
            </param>
          </params>
          <reporter-output>
          </reporter-output>
        </test-method> <!-- afterMethod -->
        <test-method is-config="true" signature="getResult(org.testng.ITestResult)[pri:0, instance:projectTestCases.GiftCardPageTestCases@72967906]" started-at="2024-04-04T18:16:18 IST" name="getResult" finished-at="2024-04-04T18:16:18 IST" duration-ms="0" status="PASS">
          <params>
            <param index="0">
              <value>
                <![CDATA[[TestResult name=checkGiftCardUrlTest status=SUCCESS method=GiftCardPageTestCases.checkGiftCardUrlTest()[pri:3, instance:projectTestCases.GiftCardPageTestCases@72967906] output={null}]]]>
              </value>
            </param>
          </params>
          <reporter-output>
          </reporter-output>
        </test-method> <!-- getResult -->
        <test-method is-config="true" signature="beforeMethod(org.testng.ITestResult)[pri:0, instance:projectTestCases.GiftCardPageTestCases@72967906]" started-at="2024-04-04T18:16:18 IST" name="beforeMethod" finished-at="2024-04-04T18:16:18 IST" duration-ms="1" status="PASS">
          <params>
            <param index="0">
              <value>
                <![CDATA[[TestResult name={null} status=CREATED method=GiftCardPageTestCases.checkGiftCardTitleTest()[pri:5, instance:projectTestCases.GiftCardPageTestCases@72967906] output={null}]]]>
              </value>
            </param>
          </params>
          <reporter-output>
          </reporter-output>
        </test-method> <!-- beforeMethod -->
        <test-method signature="checkGiftCardTitleTest()[pri:5, instance:projectTestCases.GiftCardPageTestCases@72967906]" started-at="2024-04-04T18:16:18 IST" name="checkGiftCardTitleTest" finished-at="2024-04-04T18:16:18 IST" duration-ms="16" status="PASS">
          <reporter-output>
          </reporter-output>
        </test-method> <!-- checkGiftCardTitleTest -->
        <test-method is-config="true" signature="afterMethod(org.testng.ITestResult)[pri:0, instance:projectTestCases.GiftCardPageTestCases@72967906]" started-at="2024-04-04T18:16:18 IST" name="afterMethod" finished-at="2024-04-04T18:16:18 IST" duration-ms="0" status="PASS">
          <params>
            <param index="0">
              <value>
                <![CDATA[[TestResult name=checkGiftCardTitleTest status=SUCCESS method=GiftCardPageTestCases.checkGiftCardTitleTest()[pri:5, instance:projectTestCases.GiftCardPageTestCases@72967906] output={null}]]]>
              </value>
            </param>
          </params>
          <reporter-output>
          </reporter-output>
        </test-method> <!-- afterMethod -->
        <test-method is-config="true" signature="getResult(org.testng.ITestResult)[pri:0, instance:projectTestCases.GiftCardPageTestCases@72967906]" started-at="2024-04-04T18:16:18 IST" name="getResult" finished-at="2024-04-04T18:16:18 IST" duration-ms="1" status="PASS">
          <params>
            <param index="0">
              <value>
                <![CDATA[[TestResult name=checkGiftCardTitleTest status=SUCCESS method=GiftCardPageTestCases.checkGiftCardTitleTest()[pri:5, instance:projectTestCases.GiftCardPageTestCases@72967906] output={null}]]]>
              </value>
            </param>
          </params>
          <reporter-output>
          </reporter-output>
        </test-method> <!-- getResult -->
        <test-method signature="OccasionHandleTest()[pri:6, instance:projectTestCases.GiftCardPageTestCases@72967906]" started-at="2024-04-04T18:16:18 IST" name="OccasionHandleTest" finished-at="2024-04-04T18:16:19 IST" duration-ms="773" status="PASS">
          <reporter-output>
          </reporter-output>
        </test-method> <!-- OccasionHandleTest -->
        <test-method is-config="true" signature="beforeMethod(org.testng.ITestResult)[pri:0, instance:projectTestCases.GiftCardPageTestCases@72967906]" started-at="2024-04-04T18:16:18 IST" name="beforeMethod" finished-at="2024-04-04T18:16:18 IST" duration-ms="0" status="PASS">
          <params>
            <param index="0">
              <value>
                <![CDATA[[TestResult name={null} status=CREATED method=GiftCardPageTestCases.OccasionHandleTest()[pri:6, instance:projectTestCases.GiftCardPageTestCases@72967906] output={null}]]]>
              </value>
            </param>
          </params>
          <reporter-output>
          </reporter-output>
        </test-method> <!-- beforeMethod -->
        <test-method is-config="true" signature="afterMethod(org.testng.ITestResult)[pri:0, instance:projectTestCases.GiftCardPageTestCases@72967906]" started-at="2024-04-04T18:16:19 IST" name="afterMethod" finished-at="2024-04-04T18:16:19 IST" duration-ms="0" status="PASS">
          <params>
            <param index="0">
              <value>
                <![CDATA[[TestResult name=OccasionHandleTest status=SUCCESS method=GiftCardPageTestCases.OccasionHandleTest()[pri:6, instance:projectTestCases.GiftCardPageTestCases@72967906] output={null}]]]>
              </value>
            </param>
          </params>
          <reporter-output>
          </reporter-output>
        </test-method> <!-- afterMethod -->
        <test-method is-config="true" signature="getResult(org.testng.ITestResult)[pri:0, instance:projectTestCases.GiftCardPageTestCases@72967906]" started-at="2024-04-04T18:16:19 IST" name="getResult" finished-at="2024-04-04T18:16:19 IST" duration-ms="0" status="PASS">
          <params>
            <param index="0">
              <value>
                <![CDATA[[TestResult name=OccasionHandleTest status=SUCCESS method=GiftCardPageTestCases.OccasionHandleTest()[pri:6, instance:projectTestCases.GiftCardPageTestCases@72967906] output={null}]]]>
              </value>
            </param>
          </params>
          <reporter-output>
          </reporter-output>
        </test-method> <!-- getResult -->
        <test-method is-config="true" signature="beforeMethod(org.testng.ITestResult)[pri:0, instance:projectTestCases.GiftCardPageTestCases@72967906]" started-at="2024-04-04T18:16:19 IST" name="beforeMethod" finished-at="2024-04-04T18:16:19 IST" duration-ms="1" status="PASS">
          <params>
            <param index="0">
              <value>
                <![CDATA[[TestResult name={null} status=CREATED method=GiftCardPageTestCases.AmountHandlerTest()[pri:7, instance:projectTestCases.GiftCardPageTestCases@72967906] output={null}]]]>
              </value>
            </param>
          </params>
          <reporter-output>
          </reporter-output>
        </test-method> <!-- beforeMethod -->
        <test-method signature="AmountHandlerTest()[pri:7, instance:projectTestCases.GiftCardPageTestCases@72967906]" started-at="2024-04-04T18:16:19 IST" name="AmountHandlerTest" finished-at="2024-04-04T18:16:19 IST" duration-ms="160" status="PASS">
          <reporter-output>
          </reporter-output>
        </test-method> <!-- AmountHandlerTest -->
        <test-method is-config="true" signature="afterMethod(org.testng.ITestResult)[pri:0, instance:projectTestCases.GiftCardPageTestCases@72967906]" started-at="2024-04-04T18:16:19 IST" name="afterMethod" finished-at="2024-04-04T18:16:19 IST" duration-ms="0" status="PASS">
          <params>
            <param index="0">
              <value>
                <![CDATA[[TestResult name=AmountHandlerTest status=SUCCESS method=GiftCardPageTestCases.AmountHandlerTest()[pri:7, instance:projectTestCases.GiftCardPageTestCases@72967906] output={null}]]]>
              </value>
            </param>
          </params>
          <reporter-output>
          </reporter-output>
        </test-method> <!-- afterMethod -->
        <test-method is-config="true" signature="getResult(org.testng.ITestResult)[pri:0, instance:projectTestCases.GiftCardPageTestCases@72967906]" started-at="2024-04-04T18:16:19 IST" name="getResult" finished-at="2024-04-04T18:16:19 IST" duration-ms="0" status="PASS">
          <params>
            <param index="0">
              <value>
                <![CDATA[[TestResult name=AmountHandlerTest status=SUCCESS method=GiftCardPageTestCases.AmountHandlerTest()[pri:7, instance:projectTestCases.GiftCardPageTestCases@72967906] output={null}]]]>
              </value>
            </param>
          </params>
          <reporter-output>
          </reporter-output>
        </test-method> <!-- getResult -->
        <test-method is-config="true" signature="beforeMethod(org.testng.ITestResult)[pri:0, instance:projectTestCases.GiftCardPageTestCases@72967906]" started-at="2024-04-04T18:16:19 IST" name="beforeMethod" finished-at="2024-04-04T18:16:19 IST" duration-ms="1" status="PASS">
          <params>
            <param index="0">
              <value>
                <![CDATA[[TestResult name={null} status=CREATED method=GiftCardPageTestCases.DropDownHandlerTest()[pri:8, instance:projectTestCases.GiftCardPageTestCases@72967906] output={null}]]]>
              </value>
            </param>
          </params>
          <reporter-output>
          </reporter-output>
        </test-method> <!-- beforeMethod -->
        <test-method signature="DropDownHandlerTest()[pri:8, instance:projectTestCases.GiftCardPageTestCases@72967906]" started-at="2024-04-04T18:16:19 IST" name="DropDownHandlerTest" finished-at="2024-04-04T18:16:20 IST" duration-ms="668" status="PASS">
          <reporter-output>
          </reporter-output>
        </test-method> <!-- DropDownHandlerTest -->
        <test-method is-config="true" signature="afterMethod(org.testng.ITestResult)[pri:0, instance:projectTestCases.GiftCardPageTestCases@72967906]" started-at="2024-04-04T18:16:20 IST" name="afterMethod" finished-at="2024-04-04T18:16:20 IST" duration-ms="1" status="PASS">
          <params>
            <param index="0">
              <value>
                <![CDATA[[TestResult name=DropDownHandlerTest status=SUCCESS method=GiftCardPageTestCases.DropDownHandlerTest()[pri:8, instance:projectTestCases.GiftCardPageTestCases@72967906] output={null}]]]>
              </value>
            </param>
          </params>
          <reporter-output>
          </reporter-output>
        </test-method> <!-- afterMethod -->
        <test-method is-config="true" signature="getResult(org.testng.ITestResult)[pri:0, instance:projectTestCases.GiftCardPageTestCases@72967906]" started-at="2024-04-04T18:16:20 IST" name="getResult" finished-at="2024-04-04T18:16:20 IST" duration-ms="0" status="PASS">
          <params>
            <param index="0">
              <value>
                <![CDATA[[TestResult name=DropDownHandlerTest status=SUCCESS method=GiftCardPageTestCases.DropDownHandlerTest()[pri:8, instance:projectTestCases.GiftCardPageTestCases@72967906] output={null}]]]>
              </value>
            </param>
          </params>
          <reporter-output>
          </reporter-output>
        </test-method> <!-- getResult -->
        <test-method is-config="true" signature="beforeMethod(org.testng.ITestResult)[pri:0, instance:projectTestCases.GiftCardPageTestCases@72967906]" started-at="2024-04-04T18:16:20 IST" name="beforeMethod" finished-at="2024-04-04T18:16:20 IST" duration-ms="0" status="PASS">
          <params>
            <param index="0">
              <value>
                <![CDATA[[TestResult name={null} status=CREATED method=GiftCardPageTestCases.ButtonHandleTest()[pri:9, instance:projectTestCases.GiftCardPageTestCases@72967906] output={null}]]]>
              </value>
            </param>
          </params>
          <reporter-output>
          </reporter-output>
        </test-method> <!-- beforeMethod -->
        <test-method signature="ButtonHandleTest()[pri:9, instance:projectTestCases.GiftCardPageTestCases@72967906]" started-at="2024-04-04T18:16:20 IST" name="ButtonHandleTest" finished-at="2024-04-04T18:16:21 IST" duration-ms="765" status="PASS">
          <reporter-output>
          </reporter-output>
        </test-method> <!-- ButtonHandleTest -->
        <test-method is-config="true" signature="afterMethod(org.testng.ITestResult)[pri:0, instance:projectTestCases.GiftCardPageTestCases@72967906]" started-at="2024-04-04T18:16:21 IST" name="afterMethod" finished-at="2024-04-04T18:16:21 IST" duration-ms="1" status="PASS">
          <params>
            <param index="0">
              <value>
                <![CDATA[[TestResult name=ButtonHandleTest status=SUCCESS method=GiftCardPageTestCases.ButtonHandleTest()[pri:9, instance:projectTestCases.GiftCardPageTestCases@72967906] output={null}]]]>
              </value>
            </param>
          </params>
          <reporter-output>
          </reporter-output>
        </test-method> <!-- afterMethod -->
        <test-method is-config="true" signature="getResult(org.testng.ITestResult)[pri:0, instance:projectTestCases.GiftCardPageTestCases@72967906]" started-at="2024-04-04T18:16:21 IST" name="getResult" finished-at="2024-04-04T18:16:21 IST" duration-ms="0" status="PASS">
          <params>
            <param index="0">
              <value>
                <![CDATA[[TestResult name=ButtonHandleTest status=SUCCESS method=GiftCardPageTestCases.ButtonHandleTest()[pri:9, instance:projectTestCases.GiftCardPageTestCases@72967906] output={null}]]]>
              </value>
            </param>
          </params>
          <reporter-output>
          </reporter-output>
        </test-method> <!-- getResult -->
        <test-method signature="enterFormDetailsTest(java.lang.String,java.lang.String,java.lang.String,java.lang.String,java.lang.String,java.lang.String,java.lang.String,java.lang.String)[pri:10, instance:projectTestCases.GiftCardPageTestCases@72967906]" started-at="2024-04-04T18:16:21 IST" name="enterFormDetailsTest" data-provider="enterFormDetailsTest" finished-at="2024-04-04T18:16:33 IST" duration-ms="11948" status="PASS">
          <params>
            <param index="0">
              <value>
                <![CDATA[shreya]]>
              </value>
            </param>
            <param index="1">
              <value>
                <![CDATA[shreya1]]>
              </value>
            </param>
            <param index="2">
              <value>
                <![CDATA[9.876543211E9]]>
              </value>
            </param>
            <param index="3">
              <value>
                <![CDATA[chotu]]>
              </value>
            </param>
            <param index="4">
              <value>
                <![CDATA[chotu@gmail.com]]>
              </value>
            </param>
            <param index="5">
              <value>
                <![CDATA[9.876543212E9]]>
              </value>
            </param>
            <param index="6">
              <value>
                <![CDATA[park square]]>
              </value>
            </param>
            <param index="7">
              <value>
                <![CDATA[700009.0]]>
              </value>
            </param>
          </params>
          <reporter-output>
          </reporter-output>
        </test-method> <!-- enterFormDetailsTest -->
        <test-method is-config="true" signature="beforeMethod(org.testng.ITestResult)[pri:0, instance:projectTestCases.GiftCardPageTestCases@72967906]" started-at="2024-04-04T18:16:21 IST" name="beforeMethod" finished-at="2024-04-04T18:16:21 IST" duration-ms="0" status="PASS">
          <params>
            <param index="0">
              <value>
                <![CDATA[[TestResult name={null} status=CREATED method=GiftCardPageTestCases.enterFormDetailsTest(java.lang.String,java.lang.String,java.lang.String,java.lang.String,java.lang.String,java.lang.String,java.lang.String,java.lang.String)[pri:10, instance:projectTestCases.GiftCardPageTestCases@72967906] output={null}]]]>
              </value>
            </param>
          </params>
          <reporter-output>
          </reporter-output>
        </test-method> <!-- beforeMethod -->
        <test-method is-config="true" signature="afterMethod(org.testng.ITestResult)[pri:0, instance:projectTestCases.GiftCardPageTestCases@72967906]" started-at="2024-04-04T18:16:33 IST" name="afterMethod" finished-at="2024-04-04T18:16:33 IST" duration-ms="0" status="PASS">
          <params>
            <param index="0">
              <value>
                <![CDATA[[TestResult name=enterFormDetailsTest status=SUCCESS method=GiftCardPageTestCases.enterFormDetailsTest(java.lang.String,java.lang.String,java.lang.String,java.lang.String,java.lang.String,java.lang.String,java.lang.String,java.lang.String)[pri:10, instance:projectTestCases.GiftCardPageTestCases@72967906] output={null}]]]>
              </value>
            </param>
          </params>
          <reporter-output>
          </reporter-output>
        </test-method> <!-- afterMethod -->
        <test-method is-config="true" signature="getResult(org.testng.ITestResult)[pri:0, instance:projectTestCases.GiftCardPageTestCases@72967906]" started-at="2024-04-04T18:16:33 IST" name="getResult" finished-at="2024-04-04T18:16:33 IST" duration-ms="1" status="PASS">
          <params>
            <param index="0">
              <value>
                <![CDATA[[TestResult name=enterFormDetailsTest status=SUCCESS method=GiftCardPageTestCases.enterFormDetailsTest(java.lang.String,java.lang.String,java.lang.String,java.lang.String,java.lang.String,java.lang.String,java.lang.String,java.lang.String)[pri:10, instance:projectTestCases.GiftCardPageTestCases@72967906] output={null}]]]>
              </value>
            </param>
          </params>
          <reporter-output>
          </reporter-output>
        </test-method> <!-- getResult -->
        <test-method is-config="true" signature="afterTest()[pri:0, instance:projectTestCases.GiftCardPageTestCases@72967906]" started-at="2024-04-04T18:16:33 IST" name="afterTest" finished-at="2024-04-04T18:16:37 IST" duration-ms="4363" status="PASS">
          <reporter-output>
          </reporter-output>
        </test-method> <!-- afterTest -->
        <test-method is-config="true" signature="tearDown()[pri:0, instance:projectTestCases.GiftCardPageTestCases@72967906]" started-at="2024-04-04T18:16:37 IST" name="tearDown" finished-at="2024-04-04T18:16:37 IST" duration-ms="372" status="PASS">
          <reporter-output>
          </reporter-output>
        </test-method> <!-- tearDown -->
      </class> <!-- projectTestCases.GiftCardPageTestCases -->
    </test> <!-- EdgeTest3 -->
  </suite> <!-- Suite -->
</testng-results>
